2025-12-04 17:30:35,951 INFO: summarize_eco: entering
2025-12-04 17:30:35,951 INFO: summarize_eco: eco_summary bbox={'top': 850, 'left': 0, 'width': 300, 'height': 350}
2025-12-04 17:30:35,952 INFO: Submitting 4 resource tasks...
2025-12-04 17:36:44,822 INFO: Finding anchors...
2025-12-04 17:36:44,980 INFO: Found anchors: {'food': (14, 439), 'wood': (14, 478), 'gold': (14, 517), 'stone': (15, 555)}
2025-12-04 17:37:50,212 INFO: Finding anchors...
2025-12-04 17:37:50,314 INFO: Found anchors: {'food': (14, 439), 'wood': (14, 478), 'gold': (14, 517), 'stone': (15, 555)}
2025-12-04 17:38:17,482 INFO: Finding anchors...
2025-12-04 17:38:17,645 INFO: Found anchors: {'food': (14, 439), 'wood': (14, 478), 'gold': (14, 517), 'stone': (15, 555)}
2025-12-04 17:38:17,661 INFO: Best match for bbox at 6: 2 with score 0.3551730513572693
2025-12-04 17:38:17,663 INFO: Best match for bbox at 16: 6 with score 0.20241914689540863
2025-12-04 17:38:17,666 INFO: Best match for bbox at 8: 2 with score 0.3551730513572693
2025-12-04 17:38:17,668 INFO: Best match for bbox at 18: 6 with score 0.20241914689540863
2025-12-04 17:38:17,670 INFO: Best match for bbox at 28: 8 with score 0.20091448724269867
2025-12-04 17:38:17,674 INFO: Best match for bbox at 6: 1 with score 0.42015254497528076
2025-12-04 17:38:17,676 INFO: Best match for bbox at 15: 6 with score 0.22478212416172028
2025-12-04 17:38:17,677 INFO: Best match for bbox at 25: 8 with score 0.21841314435005188
2025-12-04 17:38:17,680 INFO: Best match for bbox at 7: 6 with score 0.20241914689540863
2025-12-04 17:38:48,173 INFO: Finding anchors...
2025-12-04 17:38:48,331 INFO: Found anchors: {'food': (14, 439), 'wood': (14, 478), 'gold': (14, 517), 'stone': (15, 555)}
2025-12-04 17:38:48,346 INFO: Best match for bbox at 6: 2 with score 0.9477219581604004
2025-12-04 17:38:48,347 INFO: Best match for bbox at 16: 0 with score 0.9404667019844055
2025-12-04 17:38:48,350 INFO: Best match for bbox at 8: 2 with score 0.9477219581604004
2025-12-04 17:38:48,350 INFO: Best match for bbox at 18: 0 with score 0.9404667019844055
2025-12-04 17:38:48,351 INFO: Best match for bbox at 28: 0 with score 0.9437831044197083
2025-12-04 17:38:48,353 INFO: Best match for bbox at 6: 1 with score 0.9533149003982544
2025-12-04 17:38:48,354 INFO: Best match for bbox at 15: 0 with score 0.9348132610321045
2025-12-04 17:38:48,354 INFO: Best match for bbox at 25: 0 with score 0.9475449323654175
2025-12-04 17:38:48,361 INFO: Best match for bbox at 7: 0 with score 0.9404667019844055
2025-12-04 17:39:07,982 INFO: Finding anchors...
2025-12-04 17:39:08,118 INFO: Found anchors: {'food': (14, 439), 'wood': (14, 478), 'gold': (14, 517), 'stone': (15, 555)}
2025-12-04 17:39:08,123 INFO: Best match for bbox at 6: 2 with score 0.9477219581604004
2025-12-04 17:39:08,124 INFO: Best match for bbox at 16: 0 with score 0.9404667019844055
2025-12-04 17:39:08,126 INFO: Best match for bbox at 8: 2 with score 0.9477219581604004
2025-12-04 17:39:08,127 INFO: Best match for bbox at 18: 0 with score 0.9404667019844055
2025-12-04 17:39:08,128 INFO: Best match for bbox at 28: 0 with score 0.9437831044197083
2025-12-04 17:39:08,130 INFO: Best match for bbox at 6: 1 with score 0.9533149003982544
2025-12-04 17:39:08,131 INFO: Best match for bbox at 15: 0 with score 0.9348132610321045
2025-12-04 17:39:08,131 INFO: Best match for bbox at 25: 0 with score 0.9475449323654175
2025-12-04 17:39:08,134 INFO: Best match for bbox at 7: 0 with score 0.9404667019844055
2025-12-04 17:39:08,137 INFO: Best match for bbox at 6: 2 with score 0.9477219581604004
2025-12-04 17:39:08,138 INFO: Best match for bbox at 16: 0 with score 0.9404667019844055
2025-12-04 17:39:08,138 INFO: Best match for bbox at 8: 2 with score 0.9477219581604004
2025-12-04 17:39:08,139 INFO: Best match for bbox at 18: 0 with score 0.9404667019844055
2025-12-04 17:39:08,140 INFO: Best match for bbox at 28: 0 with score 0.9437831044197083
2025-12-04 17:39:08,141 INFO: Best match for bbox at 6: 1 with score 0.9533149003982544
2025-12-04 17:39:08,142 INFO: Best match for bbox at 15: 0 with score 0.9348132610321045
2025-12-04 17:39:08,143 INFO: Best match for bbox at 25: 0 with score 0.9475449323654175
2025-12-04 17:39:08,144 INFO: Best match for bbox at 7: 0 with score 0.9404667019844055
2025-12-04 17:42:22,761 INFO: Finding anchors...
2025-12-04 17:42:22,810 INFO: Found anchors: {'food': (14, 189), 'wood': (14, 228), 'gold': (14, 267), 'stone': (15, 305)}
2025-12-04 17:43:53,288 INFO: Finding anchors...
2025-12-04 17:43:53,349 INFO: Found anchors: {'food': (14, 189), 'wood': (14, 228), 'gold': (14, 267), 'stone': (15, 305)}
2025-12-04 17:44:17,960 INFO: Finding anchors...
2025-12-04 17:44:18,006 INFO: Found anchors: {'food': (14, 189), 'wood': (14, 228), 'gold': (14, 267), 'stone': (15, 305)}
2025-12-04 17:44:18,023 INFO:   Digit 0 score: 0.506121039390564
2025-12-04 17:44:18,025 INFO:   Digit 1 score: 0.3745129108428955
2025-12-04 17:44:18,031 INFO:   Digit 2 score: 0.9431595206260681
2025-12-04 17:44:18,032 INFO:   Digit 3 score: 0.6133890748023987
2025-12-04 17:44:18,032 INFO:   Digit 4 score: 0.6037992238998413
2025-12-04 17:44:18,032 INFO:   Digit 5 score: 0.5084499716758728
2025-12-04 17:44:18,033 INFO:   Digit 6 score: 0.4294321835041046
2025-12-04 17:44:18,033 INFO:   Digit 7 score: 0.6010850667953491
2025-12-04 17:44:18,034 INFO:   Digit 8 score: 0.4029025435447693
2025-12-04 17:44:18,034 INFO:   Digit 9 score: 0.3988906741142273
2025-12-04 17:44:18,036 INFO:   Digit 0 score: 0.9404667019844055
2025-12-04 17:44:18,036 INFO:   Digit 1 score: 0.48440977931022644
2025-12-04 17:44:18,037 INFO:   Digit 2 score: 0.42546117305755615
2025-12-04 17:44:18,037 INFO:   Digit 3 score: 0.4355672299861908
2025-12-04 17:44:18,037 INFO:   Digit 4 score: 0.4026089906692505
2025-12-04 17:44:18,037 INFO:   Digit 5 score: 0.5209642648696899
2025-12-04 17:44:18,037 INFO:   Digit 6 score: 0.5695950984954834
2025-12-04 17:44:18,038 INFO:   Digit 7 score: 0.34841036796569824
2025-12-04 17:44:18,038 INFO:   Digit 8 score: 0.5974449515342712
2025-12-04 17:44:18,038 INFO:   Digit 9 score: 0.5827304124832153
2025-12-04 17:44:18,039 INFO:   Digit 0 score: 0.3635517358779907
2025-12-04 17:44:18,039 INFO:   Digit 1 score: 0.5037016272544861
2025-12-04 17:44:18,039 INFO:   Digit 2 score: 0.3830832540988922
2025-12-04 17:44:18,039 INFO:   Digit 3 score: 0.44604629278182983
2025-12-04 17:44:18,040 INFO:   Digit 4 score: 0.5828856229782104
2025-12-04 17:44:18,040 INFO:   Digit 5 score: 0.3722535967826843
2025-12-04 17:44:18,040 INFO:   Digit 6 score: 0.33106890320777893
2025-12-04 17:44:18,040 INFO:   Digit 7 score: 0.4588421881198883
2025-12-04 17:44:18,041 INFO:   Digit 8 score: 0.3929905593395233
2025-12-04 17:44:18,041 INFO:   Digit 9 score: 0.40448683500289917
2025-12-04 17:44:18,044 INFO:   Digit 0 score: 0.506121039390564
2025-12-04 17:44:18,045 INFO:   Digit 1 score: 0.3745129108428955
2025-12-04 17:44:18,045 INFO:   Digit 2 score: 0.9431595206260681
2025-12-04 17:44:18,046 INFO:   Digit 3 score: 0.6133890748023987
2025-12-04 17:44:18,046 INFO:   Digit 4 score: 0.6037992238998413
2025-12-04 17:44:18,046 INFO:   Digit 5 score: 0.5084499716758728
2025-12-04 17:44:18,046 INFO:   Digit 6 score: 0.4294321835041046
2025-12-04 17:44:18,047 INFO:   Digit 7 score: 0.6010850667953491
2025-12-04 17:44:18,047 INFO:   Digit 8 score: 0.4029025435447693
2025-12-04 17:44:18,047 INFO:   Digit 9 score: 0.3988906741142273
2025-12-04 17:44:18,048 INFO:   Digit 0 score: 0.9404667019844055
2025-12-04 17:44:18,049 INFO:   Digit 1 score: 0.48440977931022644
2025-12-04 17:44:18,049 INFO:   Digit 2 score: 0.42546117305755615
2025-12-04 17:44:18,049 INFO:   Digit 3 score: 0.4355672299861908
2025-12-04 17:44:18,049 INFO:   Digit 4 score: 0.4026089906692505
2025-12-04 17:44:18,050 INFO:   Digit 5 score: 0.5209642648696899
2025-12-04 17:44:18,050 INFO:   Digit 6 score: 0.5695950984954834
2025-12-04 17:44:18,050 INFO:   Digit 7 score: 0.34841036796569824
2025-12-04 17:44:18,050 INFO:   Digit 8 score: 0.5974449515342712
2025-12-04 17:44:18,050 INFO:   Digit 9 score: 0.5827304124832153
2025-12-04 17:44:18,051 INFO:   Digit 0 score: 0.9404667019844055
2025-12-04 17:44:18,051 INFO:   Digit 1 score: 0.48440977931022644
2025-12-04 17:44:18,052 INFO:   Digit 2 score: 0.42546117305755615
2025-12-04 17:44:18,052 INFO:   Digit 3 score: 0.4355672299861908
2025-12-04 17:44:18,052 INFO:   Digit 4 score: 0.4026089906692505
2025-12-04 17:44:18,053 INFO:   Digit 5 score: 0.5209642648696899
2025-12-04 17:44:18,053 INFO:   Digit 6 score: 0.5695950984954834
2025-12-04 17:44:18,053 INFO:   Digit 7 score: 0.34841036796569824
2025-12-04 17:44:18,053 INFO:   Digit 8 score: 0.5974449515342712
2025-12-04 17:44:18,054 INFO:   Digit 9 score: 0.5827304124832153
2025-12-04 17:44:18,056 INFO:   Digit 0 score: 0.4689725637435913
2025-12-04 17:44:18,057 INFO:   Digit 1 score: 0.9533149003982544
2025-12-04 17:44:18,057 INFO:   Digit 2 score: 0.3894461691379547
2025-12-04 17:44:18,057 INFO:   Digit 3 score: 0.4890967011451721
2025-12-04 17:44:18,058 INFO:   Digit 4 score: 0.636466920375824
2025-12-04 17:44:18,058 INFO:   Digit 5 score: 0.3710322678089142
2025-12-04 17:44:18,058 INFO:   Digit 7 score: 0.39780867099761963
2025-12-04 17:44:18,058 INFO:   Digit 8 score: 0.34608155488967896
2025-12-04 17:44:18,061 INFO:   Digit 9 score: 0.40735653042793274
2025-12-04 17:44:18,062 INFO:   Digit 0 score: 0.9404667019844055
2025-12-04 17:44:18,062 INFO:   Digit 1 score: 0.48440977931022644
2025-12-04 17:44:18,062 INFO:   Digit 2 score: 0.42546117305755615
2025-12-04 17:44:18,062 INFO:   Digit 3 score: 0.4355672299861908
2025-12-04 17:44:18,063 INFO:   Digit 4 score: 0.4026089906692505
2025-12-04 17:44:18,063 INFO:   Digit 5 score: 0.5209642648696899
2025-12-04 17:44:18,063 INFO:   Digit 6 score: 0.5695950984954834
2025-12-04 17:44:18,063 INFO:   Digit 7 score: 0.34841036796569824
2025-12-04 17:44:18,064 INFO:   Digit 8 score: 0.5974449515342712
2025-12-04 17:44:18,064 INFO:   Digit 9 score: 0.5827304124832153
2025-12-04 17:44:18,065 INFO:   Digit 0 score: 0.9404667019844055
2025-12-04 17:44:18,065 INFO:   Digit 1 score: 0.48440977931022644
2025-12-04 17:44:18,066 INFO:   Digit 2 score: 0.42546117305755615
2025-12-04 17:44:18,066 INFO:   Digit 3 score: 0.4355672299861908
2025-12-04 17:44:18,067 INFO:   Digit 4 score: 0.4026089906692505
2025-12-04 17:44:18,067 INFO:   Digit 5 score: 0.5209642648696899
2025-12-04 17:44:18,067 INFO:   Digit 6 score: 0.5695950984954834
2025-12-04 17:44:18,067 INFO:   Digit 7 score: 0.34841036796569824
2025-12-04 17:44:18,068 INFO:   Digit 8 score: 0.5974449515342712
2025-12-04 17:44:18,068 INFO:   Digit 9 score: 0.5827304124832153
2025-12-04 17:44:18,071 INFO:   Digit 0 score: 0.9404667019844055
2025-12-04 17:44:18,071 INFO:   Digit 1 score: 0.48440977931022644
2025-12-04 17:44:18,071 INFO:   Digit 2 score: 0.42546117305755615
2025-12-04 17:44:18,071 INFO:   Digit 3 score: 0.4355672299861908
2025-12-04 17:44:18,071 INFO:   Digit 4 score: 0.4026089906692505
2025-12-04 17:44:18,071 INFO:   Digit 5 score: 0.5209642648696899
2025-12-04 17:44:18,072 INFO:   Digit 6 score: 0.5695950984954834
2025-12-04 17:44:18,072 INFO:   Digit 7 score: 0.34841036796569824
2025-12-04 17:44:18,072 INFO:   Digit 8 score: 0.5974449515342712
2025-12-04 17:44:18,072 INFO:   Digit 9 score: 0.5827304124832153
2025-12-04 17:44:18,073 INFO:   Digit 0 score: 0.506121039390564
2025-12-04 17:44:18,073 INFO:   Digit 1 score: 0.3745129108428955
2025-12-04 17:44:18,073 INFO:   Digit 2 score: 0.9431595206260681
2025-12-04 17:44:18,074 INFO:   Digit 3 score: 0.6133890748023987
2025-12-04 17:44:18,074 INFO:   Digit 4 score: 0.6037992238998413
2025-12-04 17:44:18,074 INFO:   Digit 5 score: 0.5084499716758728
2025-12-04 17:44:18,074 INFO:   Digit 6 score: 0.4294321835041046
2025-12-04 17:44:18,074 INFO:   Digit 7 score: 0.6010850667953491
2025-12-04 17:44:18,074 INFO:   Digit 8 score: 0.4029025435447693
2025-12-04 17:44:18,075 INFO:   Digit 9 score: 0.3988906741142273
2025-12-04 17:44:18,076 INFO:   Digit 0 score: 0.9404667019844055
2025-12-04 17:44:18,076 INFO:   Digit 1 score: 0.48440977931022644
2025-12-04 17:44:18,076 INFO:   Digit 2 score: 0.42546117305755615
2025-12-04 17:44:18,076 INFO:   Digit 3 score: 0.4355672299861908
2025-12-04 17:44:18,077 INFO:   Digit 4 score: 0.4026089906692505
2025-12-04 17:44:18,077 INFO:   Digit 5 score: 0.5209642648696899
2025-12-04 17:44:18,078 INFO:   Digit 6 score: 0.5695950984954834
2025-12-04 17:44:18,078 INFO:   Digit 7 score: 0.34841036796569824
2025-12-04 17:44:18,078 INFO:   Digit 8 score: 0.5974449515342712
2025-12-04 17:44:18,078 INFO:   Digit 9 score: 0.5827304124832153
2025-12-04 17:44:18,079 INFO:   Digit 0 score: 0.3635517358779907
2025-12-04 17:44:18,079 INFO:   Digit 1 score: 0.5037016272544861
2025-12-04 17:44:18,079 INFO:   Digit 2 score: 0.3830832540988922
2025-12-04 17:44:18,080 INFO:   Digit 3 score: 0.44604629278182983
2025-12-04 17:44:18,080 INFO:   Digit 4 score: 0.5828856229782104
2025-12-04 17:44:18,080 INFO:   Digit 5 score: 0.3722535967826843
2025-12-04 17:44:18,080 INFO:   Digit 6 score: 0.33106890320777893
2025-12-04 17:44:18,081 INFO:   Digit 7 score: 0.4588421881198883
2025-12-04 17:44:18,081 INFO:   Digit 8 score: 0.3929905593395233
2025-12-04 17:44:18,081 INFO:   Digit 9 score: 0.40448683500289917
2025-12-04 17:44:18,082 INFO:   Digit 0 score: 0.506121039390564
2025-12-04 17:44:18,082 INFO:   Digit 1 score: 0.3745129108428955
2025-12-04 17:44:18,082 INFO:   Digit 2 score: 0.9431595206260681
2025-12-04 17:44:18,083 INFO:   Digit 3 score: 0.6133890748023987
2025-12-04 17:44:18,083 INFO:   Digit 4 score: 0.6037992238998413
2025-12-04 17:44:18,083 INFO:   Digit 5 score: 0.5084499716758728
2025-12-04 17:44:18,083 INFO:   Digit 6 score: 0.4294321835041046
2025-12-04 17:44:18,083 INFO:   Digit 7 score: 0.6010850667953491
2025-12-04 17:44:18,083 INFO:   Digit 8 score: 0.4029025435447693
2025-12-04 17:44:18,084 INFO:   Digit 9 score: 0.3988906741142273
2025-12-04 17:44:18,084 INFO:   Digit 0 score: 0.9404667019844055
2025-12-04 17:44:18,084 INFO:   Digit 1 score: 0.48440977931022644
2025-12-04 17:44:18,084 INFO:   Digit 2 score: 0.42546117305755615
2025-12-04 17:44:18,085 INFO:   Digit 3 score: 0.4355672299861908
2025-12-04 17:44:18,085 INFO:   Digit 4 score: 0.4026089906692505
2025-12-04 17:44:18,085 INFO:   Digit 5 score: 0.5209642648696899
2025-12-04 17:44:18,085 INFO:   Digit 6 score: 0.5695950984954834
2025-12-04 17:44:18,085 INFO:   Digit 7 score: 0.34841036796569824
2025-12-04 17:44:18,086 INFO:   Digit 8 score: 0.5974449515342712
2025-12-04 17:44:18,086 INFO:   Digit 9 score: 0.5827304124832153
2025-12-04 17:44:18,086 INFO:   Digit 0 score: 0.9404667019844055
2025-12-04 17:44:18,086 INFO:   Digit 1 score: 0.48440977931022644
2025-12-04 17:44:18,087 INFO:   Digit 2 score: 0.42546117305755615
2025-12-04 17:44:18,087 INFO:   Digit 3 score: 0.4355672299861908
2025-12-04 17:44:18,087 INFO:   Digit 4 score: 0.4026089906692505
2025-12-04 17:44:18,087 INFO:   Digit 5 score: 0.5209642648696899
2025-12-04 17:44:18,087 INFO:   Digit 6 score: 0.5695950984954834
2025-12-04 17:44:18,087 INFO:   Digit 7 score: 0.34841036796569824
2025-12-04 17:44:18,088 INFO:   Digit 8 score: 0.5974449515342712
2025-12-04 17:44:18,088 INFO:   Digit 9 score: 0.5827304124832153
2025-12-04 17:44:18,088 INFO:   Digit 0 score: 0.4689725637435913
2025-12-04 17:44:18,088 INFO:   Digit 1 score: 0.9533149003982544
2025-12-04 17:44:18,088 INFO:   Digit 2 score: 0.3894461691379547
2025-12-04 17:44:18,089 INFO:   Digit 3 score: 0.4890967011451721
2025-12-04 17:44:18,089 INFO:   Digit 4 score: 0.636466920375824
2025-12-04 17:44:18,089 INFO:   Digit 5 score: 0.3710322678089142
2025-12-04 17:44:18,089 INFO:   Digit 7 score: 0.39780867099761963
2025-12-04 17:44:18,089 INFO:   Digit 8 score: 0.34608155488967896
2025-12-04 17:44:18,089 INFO:   Digit 9 score: 0.40735653042793274
2025-12-04 17:44:18,090 INFO:   Digit 0 score: 0.9404667019844055
2025-12-04 17:44:18,090 INFO:   Digit 1 score: 0.48440977931022644
2025-12-04 17:44:18,090 INFO:   Digit 2 score: 0.42546117305755615
2025-12-04 17:44:18,090 INFO:   Digit 3 score: 0.4355672299861908
2025-12-04 17:44:18,090 INFO:   Digit 4 score: 0.4026089906692505
2025-12-04 17:44:18,090 INFO:   Digit 5 score: 0.5209642648696899
2025-12-04 17:44:18,091 INFO:   Digit 6 score: 0.5695950984954834
2025-12-04 17:44:18,091 INFO:   Digit 7 score: 0.34841036796569824
2025-12-04 17:44:18,092 INFO:   Digit 8 score: 0.5974449515342712
2025-12-04 17:44:18,094 INFO:   Digit 9 score: 0.5827304124832153
2025-12-04 17:44:18,094 INFO:   Digit 0 score: 0.9404667019844055
2025-12-04 17:44:18,094 INFO:   Digit 1 score: 0.48440977931022644
2025-12-04 17:44:18,094 INFO:   Digit 2 score: 0.42546117305755615
2025-12-04 17:44:18,095 INFO:   Digit 3 score: 0.4355672299861908
2025-12-04 17:44:18,095 INFO:   Digit 4 score: 0.4026089906692505
2025-12-04 17:44:18,095 INFO:   Digit 5 score: 0.5209642648696899
2025-12-04 17:44:18,095 INFO:   Digit 6 score: 0.5695950984954834
2025-12-04 17:44:18,095 INFO:   Digit 7 score: 0.34841036796569824
2025-12-04 17:44:18,096 INFO:   Digit 8 score: 0.5974449515342712
2025-12-04 17:44:18,096 INFO:   Digit 9 score: 0.5827304124832153
2025-12-04 17:44:18,096 INFO:   Digit 0 score: 0.9404667019844055
2025-12-04 17:44:18,096 INFO:   Digit 1 score: 0.48440977931022644
2025-12-04 17:44:18,097 INFO:   Digit 2 score: 0.42546117305755615
2025-12-04 17:44:18,097 INFO:   Digit 3 score: 0.4355672299861908
2025-12-04 17:44:18,097 INFO:   Digit 4 score: 0.4026089906692505
2025-12-04 17:44:18,097 INFO:   Digit 5 score: 0.5209642648696899
2025-12-04 17:44:18,097 INFO:   Digit 6 score: 0.5695950984954834
2025-12-04 17:44:18,097 INFO:   Digit 7 score: 0.34841036796569824
2025-12-04 17:44:18,097 INFO:   Digit 8 score: 0.5974449515342712
2025-12-04 17:44:18,098 INFO:   Digit 9 score: 0.5827304124832153
2025-12-04 17:44:46,522 INFO: Finding anchors...
2025-12-04 17:44:46,546 INFO: Found anchors: {'food': (14, 189), 'wood': (14, 228), 'gold': (14, 267), 'stone': (15, 305)}
2025-12-04 17:44:46,550 INFO:   Digit 0 score: 0.5144458413124084
2025-12-04 17:44:46,550 INFO:   Digit 1 score: 0.42138510942459106
2025-12-04 17:44:46,551 INFO:   Digit 2 score: 0.9539275169372559
2025-12-04 17:44:46,551 INFO:   Digit 3 score: 0.6235804557800293
2025-12-04 17:44:46,551 INFO:   Digit 4 score: 0.5807954668998718
2025-12-04 17:44:46,551 INFO:   Digit 5 score: 0.47734400629997253
2025-12-04 17:44:46,551 INFO:   Digit 6 score: 0.40746161341667175
2025-12-04 17:44:46,552 INFO:   Digit 7 score: 0.6168895363807678
2025-12-04 17:44:46,552 INFO:   Digit 8 score: 0.4089187681674957
2025-12-04 17:44:46,552 INFO:   Digit 9 score: 0.41403618454933167
2025-12-04 17:44:46,552 INFO:   Digit 0 score: 0.9621669054031372
2025-12-04 17:44:46,552 INFO:   Digit 1 score: 0.5351661443710327
2025-12-04 17:44:46,553 INFO:   Digit 2 score: 0.44410547614097595
2025-12-04 17:44:46,553 INFO:   Digit 3 score: 0.45522603392601013
2025-12-04 17:44:46,553 INFO:   Digit 4 score: 0.3794463574886322
2025-12-04 17:44:46,553 INFO:   Digit 5 score: 0.502140462398529
2025-12-04 17:44:46,554 INFO:   Digit 6 score: 0.5618355870246887
2025-12-04 17:44:46,554 INFO:   Digit 7 score: 0.3995830714702606
2025-12-04 17:44:46,554 INFO:   Digit 8 score: 0.6483974456787109
2025-12-04 17:44:46,554 INFO:   Digit 9 score: 0.5930589437484741
2025-12-04 17:44:46,554 INFO:   Digit 0 score: 0.3772771656513214
2025-12-04 17:44:46,555 INFO:   Digit 1 score: 0.5128686428070068
2025-12-04 17:44:46,555 INFO:   Digit 2 score: 0.42597922682762146
2025-12-04 17:44:46,555 INFO:   Digit 3 score: 0.45581501722335815
2025-12-04 17:44:46,555 INFO:   Digit 4 score: 0.5811069011688232
2025-12-04 17:44:46,556 INFO:   Digit 5 score: 0.3896559476852417
2025-12-04 17:44:46,556 INFO:   Digit 6 score: 0.37787890434265137
2025-12-04 17:44:46,556 INFO:   Digit 7 score: 0.47851693630218506
2025-12-04 17:44:46,556 INFO:   Digit 8 score: 0.39977437257766724
2025-12-04 17:44:46,556 INFO:   Digit 9 score: 0.4025130569934845
2025-12-04 17:44:46,559 INFO:   Digit 0 score: 0.5144458413124084
2025-12-04 17:44:46,559 INFO:   Digit 1 score: 0.42138510942459106
2025-12-04 17:44:46,559 INFO:   Digit 2 score: 0.9539275169372559
2025-12-04 17:44:46,559 INFO:   Digit 3 score: 0.6235804557800293
2025-12-04 17:44:46,559 INFO:   Digit 4 score: 0.5807954668998718
2025-12-04 17:44:46,560 INFO:   Digit 5 score: 0.47734400629997253
2025-12-04 17:44:46,560 INFO:   Digit 6 score: 0.40746161341667175
2025-12-04 17:44:46,560 INFO:   Digit 7 score: 0.6168895363807678
2025-12-04 17:44:46,560 INFO:   Digit 8 score: 0.4089187681674957
2025-12-04 17:44:46,560 INFO:   Digit 9 score: 0.41403618454933167
2025-12-04 17:44:46,560 INFO:   Digit 0 score: 0.9621669054031372
2025-12-04 17:44:46,561 INFO:   Digit 1 score: 0.5351661443710327
2025-12-04 17:44:46,561 INFO:   Digit 2 score: 0.44410547614097595
2025-12-04 17:44:46,561 INFO:   Digit 3 score: 0.45522603392601013
2025-12-04 17:44:46,561 INFO:   Digit 4 score: 0.3794463574886322
2025-12-04 17:44:46,562 INFO:   Digit 5 score: 0.502140462398529
2025-12-04 17:44:46,562 INFO:   Digit 6 score: 0.5618355870246887
2025-12-04 17:44:46,562 INFO:   Digit 7 score: 0.3995830714702606
2025-12-04 17:44:46,562 INFO:   Digit 8 score: 0.6483974456787109
2025-12-04 17:44:46,563 INFO:   Digit 9 score: 0.5930589437484741
2025-12-04 17:44:46,563 INFO:   Digit 0 score: 0.9621669054031372
2025-12-04 17:44:46,563 INFO:   Digit 1 score: 0.5351661443710327
2025-12-04 17:44:46,563 INFO:   Digit 2 score: 0.44410547614097595
2025-12-04 17:44:46,564 INFO:   Digit 3 score: 0.45522603392601013
2025-12-04 17:44:46,564 INFO:   Digit 4 score: 0.3794463574886322
2025-12-04 17:44:46,564 INFO:   Digit 5 score: 0.502140462398529
2025-12-04 17:44:46,564 INFO:   Digit 6 score: 0.5618355870246887
2025-12-04 17:44:46,564 INFO:   Digit 7 score: 0.3995830714702606
2025-12-04 17:44:46,564 INFO:   Digit 8 score: 0.6483974456787109
2025-12-04 17:44:46,565 INFO:   Digit 9 score: 0.5930589437484741
2025-12-04 17:44:46,566 INFO:   Digit 0 score: 0.48778030276298523
2025-12-04 17:44:46,567 INFO:   Digit 1 score: 0.9599044919013977
2025-12-04 17:44:46,567 INFO:   Digit 2 score: 0.36956703662872314
2025-12-04 17:44:46,567 INFO:   Digit 3 score: 0.5106933116912842
2025-12-04 17:44:46,567 INFO:   Digit 4 score: 0.6198256611824036
2025-12-04 17:44:46,567 INFO:   Digit 5 score: 0.3919067680835724
2025-12-04 17:44:46,568 INFO:   Digit 6 score: 0.3023832440376282
2025-12-04 17:44:46,568 INFO:   Digit 7 score: 0.40751615166664124
2025-12-04 17:44:46,568 INFO:   Digit 8 score: 0.36469900608062744
2025-12-04 17:44:46,568 INFO:   Digit 9 score: 0.42690494656562805
2025-12-04 17:44:46,568 INFO:   Digit 0 score: 0.9621669054031372
2025-12-04 17:44:46,569 INFO:   Digit 1 score: 0.5351661443710327
2025-12-04 17:44:46,569 INFO:   Digit 2 score: 0.44410547614097595
2025-12-04 17:44:46,569 INFO:   Digit 3 score: 0.45522603392601013
2025-12-04 17:44:46,569 INFO:   Digit 4 score: 0.3794463574886322
2025-12-04 17:44:46,569 INFO:   Digit 5 score: 0.502140462398529
2025-12-04 17:44:46,569 INFO:   Digit 6 score: 0.5618355870246887
2025-12-04 17:44:46,569 INFO:   Digit 7 score: 0.3995830714702606
2025-12-04 17:44:46,569 INFO:   Digit 8 score: 0.6483974456787109
2025-12-04 17:44:46,570 INFO:   Digit 9 score: 0.5930589437484741
2025-12-04 17:44:46,570 INFO:   Digit 0 score: 0.9621669054031372
2025-12-04 17:44:46,570 INFO:   Digit 1 score: 0.5351661443710327
2025-12-04 17:44:46,570 INFO:   Digit 2 score: 0.44410547614097595
2025-12-04 17:44:46,570 INFO:   Digit 3 score: 0.45522603392601013
2025-12-04 17:44:46,571 INFO:   Digit 4 score: 0.3794463574886322
2025-12-04 17:44:46,571 INFO:   Digit 5 score: 0.502140462398529
2025-12-04 17:44:46,571 INFO:   Digit 6 score: 0.5618355870246887
2025-12-04 17:44:46,572 INFO:   Digit 7 score: 0.3995830714702606
2025-12-04 17:44:46,572 INFO:   Digit 8 score: 0.6483974456787109
2025-12-04 17:44:46,572 INFO:   Digit 9 score: 0.5930589437484741
2025-12-04 17:44:46,573 INFO:   Digit 0 score: 0.9621669054031372
2025-12-04 17:44:46,574 INFO:   Digit 1 score: 0.5351661443710327
2025-12-04 17:44:46,574 INFO:   Digit 2 score: 0.44410547614097595
2025-12-04 17:44:46,574 INFO:   Digit 3 score: 0.45522603392601013
2025-12-04 17:44:46,574 INFO:   Digit 4 score: 0.3794463574886322
2025-12-04 17:44:46,574 INFO:   Digit 5 score: 0.502140462398529
2025-12-04 17:44:46,574 INFO:   Digit 6 score: 0.5618355870246887
2025-12-04 17:44:46,574 INFO:   Digit 7 score: 0.3995830714702606
2025-12-04 17:44:46,574 INFO:   Digit 8 score: 0.6483974456787109
2025-12-04 17:44:46,575 INFO:   Digit 9 score: 0.5930589437484741
2025-12-04 17:44:46,576 INFO:   Digit 0 score: 0.5144458413124084
2025-12-04 17:44:46,576 INFO:   Digit 1 score: 0.42138510942459106
2025-12-04 17:44:46,576 INFO:   Digit 2 score: 0.9539275169372559
2025-12-04 17:44:46,576 INFO:   Digit 3 score: 0.6235804557800293
2025-12-04 17:44:46,577 INFO:   Digit 4 score: 0.5807954668998718
2025-12-04 17:44:46,577 INFO:   Digit 5 score: 0.47734400629997253
2025-12-04 17:44:46,577 INFO:   Digit 6 score: 0.40746161341667175
2025-12-04 17:44:46,577 INFO:   Digit 7 score: 0.6168895363807678
2025-12-04 17:44:46,577 INFO:   Digit 8 score: 0.4089187681674957
2025-12-04 17:44:46,577 INFO:   Digit 9 score: 0.41403618454933167
2025-12-04 17:44:46,578 INFO:   Digit 0 score: 0.9621669054031372
2025-12-04 17:44:46,578 INFO:   Digit 1 score: 0.5351661443710327
2025-12-04 17:44:46,578 INFO:   Digit 2 score: 0.44410547614097595
2025-12-04 17:44:46,578 INFO:   Digit 3 score: 0.45522603392601013
2025-12-04 17:44:46,578 INFO:   Digit 4 score: 0.3794463574886322
2025-12-04 17:44:46,579 INFO:   Digit 5 score: 0.502140462398529
2025-12-04 17:44:46,579 INFO:   Digit 6 score: 0.5618355870246887
2025-12-04 17:44:46,579 INFO:   Digit 7 score: 0.3995830714702606
2025-12-04 17:44:46,579 INFO:   Digit 8 score: 0.6483974456787109
2025-12-04 17:44:46,579 INFO:   Digit 9 score: 0.5930589437484741
2025-12-04 17:44:46,580 INFO:   Digit 0 score: 0.3772771656513214
2025-12-04 17:44:46,580 INFO:   Digit 1 score: 0.5128686428070068
2025-12-04 17:44:46,580 INFO:   Digit 2 score: 0.42597922682762146
2025-12-04 17:44:46,580 INFO:   Digit 3 score: 0.45581501722335815
2025-12-04 17:44:46,580 INFO:   Digit 4 score: 0.5811069011688232
2025-12-04 17:44:46,580 INFO:   Digit 5 score: 0.3896559476852417
2025-12-04 17:44:46,581 INFO:   Digit 6 score: 0.37787890434265137
2025-12-04 17:44:46,581 INFO:   Digit 7 score: 0.47851693630218506
2025-12-04 17:44:46,581 INFO:   Digit 8 score: 0.39977437257766724
2025-12-04 17:44:46,581 INFO:   Digit 9 score: 0.4025130569934845
2025-12-04 17:44:46,581 INFO:   Digit 0 score: 0.5144458413124084
2025-12-04 17:44:46,581 INFO:   Digit 1 score: 0.42138510942459106
2025-12-04 17:44:46,582 INFO:   Digit 2 score: 0.9539275169372559
2025-12-04 17:44:46,582 INFO:   Digit 3 score: 0.6235804557800293
2025-12-04 17:44:46,582 INFO:   Digit 4 score: 0.5807954668998718
2025-12-04 17:44:46,582 INFO:   Digit 5 score: 0.47734400629997253
2025-12-04 17:44:46,582 INFO:   Digit 6 score: 0.40746161341667175
2025-12-04 17:44:46,582 INFO:   Digit 7 score: 0.6168895363807678
2025-12-04 17:44:46,582 INFO:   Digit 8 score: 0.4089187681674957
2025-12-04 17:44:46,582 INFO:   Digit 9 score: 0.41403618454933167
2025-12-04 17:44:46,583 INFO:   Digit 0 score: 0.9621669054031372
2025-12-04 17:44:46,583 INFO:   Digit 1 score: 0.5351661443710327
2025-12-04 17:44:46,583 INFO:   Digit 2 score: 0.44410547614097595
2025-12-04 17:44:46,583 INFO:   Digit 3 score: 0.45522603392601013
2025-12-04 17:44:46,583 INFO:   Digit 4 score: 0.3794463574886322
2025-12-04 17:44:46,583 INFO:   Digit 5 score: 0.502140462398529
2025-12-04 17:44:46,583 INFO:   Digit 6 score: 0.5618355870246887
2025-12-04 17:44:46,583 INFO:   Digit 7 score: 0.3995830714702606
2025-12-04 17:44:46,583 INFO:   Digit 8 score: 0.6483974456787109
2025-12-04 17:44:46,584 INFO:   Digit 9 score: 0.5930589437484741
2025-12-04 17:44:46,584 INFO:   Digit 0 score: 0.9621669054031372
2025-12-04 17:44:46,584 INFO:   Digit 1 score: 0.5351661443710327
2025-12-04 17:44:46,584 INFO:   Digit 2 score: 0.44410547614097595
2025-12-04 17:44:46,584 INFO:   Digit 3 score: 0.45522603392601013
2025-12-04 17:44:46,584 INFO:   Digit 4 score: 0.3794463574886322
2025-12-04 17:44:46,584 INFO:   Digit 5 score: 0.502140462398529
2025-12-04 17:44:46,584 INFO:   Digit 6 score: 0.5618355870246887
2025-12-04 17:44:46,585 INFO:   Digit 7 score: 0.3995830714702606
2025-12-04 17:44:46,585 INFO:   Digit 8 score: 0.6483974456787109
2025-12-04 17:44:46,585 INFO:   Digit 9 score: 0.5930589437484741
2025-12-04 17:44:46,585 INFO:   Digit 0 score: 0.48778030276298523
2025-12-04 17:44:46,585 INFO:   Digit 1 score: 0.9599044919013977
2025-12-04 17:44:46,585 INFO:   Digit 2 score: 0.36956703662872314
2025-12-04 17:44:46,585 INFO:   Digit 3 score: 0.5106933116912842
2025-12-04 17:44:46,586 INFO:   Digit 4 score: 0.6198256611824036
2025-12-04 17:44:46,586 INFO:   Digit 5 score: 0.3919067680835724
2025-12-04 17:44:46,586 INFO:   Digit 6 score: 0.3023832440376282
2025-12-04 17:44:46,586 INFO:   Digit 7 score: 0.40751615166664124
2025-12-04 17:44:46,586 INFO:   Digit 8 score: 0.36469900608062744
2025-12-04 17:44:46,586 INFO:   Digit 9 score: 0.42690494656562805
2025-12-04 17:44:46,587 INFO:   Digit 0 score: 0.9621669054031372
2025-12-04 17:44:46,587 INFO:   Digit 1 score: 0.5351661443710327
2025-12-04 17:44:46,587 INFO:   Digit 2 score: 0.44410547614097595
2025-12-04 17:44:46,587 INFO:   Digit 3 score: 0.45522603392601013
2025-12-04 17:44:46,587 INFO:   Digit 4 score: 0.3794463574886322
2025-12-04 17:44:46,587 INFO:   Digit 5 score: 0.502140462398529
2025-12-04 17:44:46,587 INFO:   Digit 6 score: 0.5618355870246887
2025-12-04 17:44:46,588 INFO:   Digit 7 score: 0.3995830714702606
2025-12-04 17:44:46,588 INFO:   Digit 8 score: 0.6483974456787109
2025-12-04 17:44:46,588 INFO:   Digit 9 score: 0.5930589437484741
2025-12-04 17:44:46,588 INFO:   Digit 0 score: 0.9621669054031372
2025-12-04 17:44:46,588 INFO:   Digit 1 score: 0.5351661443710327
2025-12-04 17:44:46,588 INFO:   Digit 2 score: 0.44410547614097595
2025-12-04 17:44:46,588 INFO:   Digit 3 score: 0.45522603392601013
2025-12-04 17:44:46,589 INFO:   Digit 4 score: 0.3794463574886322
2025-12-04 17:44:46,589 INFO:   Digit 5 score: 0.502140462398529
2025-12-04 17:44:46,589 INFO:   Digit 6 score: 0.5618355870246887
2025-12-04 17:44:46,589 INFO:   Digit 7 score: 0.3995830714702606
2025-12-04 17:44:46,589 INFO:   Digit 8 score: 0.6483974456787109
2025-12-04 17:44:46,589 INFO:   Digit 9 score: 0.5930589437484741
2025-12-04 17:44:46,590 INFO:   Digit 0 score: 0.9621669054031372
2025-12-04 17:44:46,590 INFO:   Digit 1 score: 0.5351661443710327
2025-12-04 17:44:46,590 INFO:   Digit 2 score: 0.44410547614097595
2025-12-04 17:44:46,590 INFO:   Digit 3 score: 0.45522603392601013
2025-12-04 17:44:46,590 INFO:   Digit 4 score: 0.3794463574886322
2025-12-04 17:44:46,590 INFO:   Digit 5 score: 0.502140462398529
2025-12-04 17:44:46,590 INFO:   Digit 6 score: 0.5618355870246887
2025-12-04 17:44:46,590 INFO:   Digit 7 score: 0.3995830714702606
2025-12-04 17:44:46,590 INFO:   Digit 8 score: 0.6483974456787109
2025-12-04 17:44:46,590 INFO:   Digit 9 score: 0.5930589437484741
2025-12-04 17:45:17,984 INFO: Finding anchors...
2025-12-04 17:45:18,033 INFO: Found anchors: {'food': (14, 189), 'wood': (14, 228), 'gold': (14, 267), 'stone': (15, 305)}
2025-12-04 17:45:18,049 INFO:   [x=6] Digit 0 score: 0.5144458413124084
2025-12-04 17:45:18,050 INFO:   [x=6] Digit 1 score: 0.42138510942459106
2025-12-04 17:45:18,050 INFO:   [x=6] Digit 2 score: 0.9539275169372559
2025-12-04 17:45:18,051 INFO:   [x=6] Digit 3 score: 0.6235804557800293
2025-12-04 17:45:18,052 INFO:   [x=6] Digit 4 score: 0.5807954668998718
2025-12-04 17:45:18,052 INFO:   [x=6] Digit 5 score: 0.47734400629997253
2025-12-04 17:45:18,053 INFO:   [x=6] Digit 6 score: 0.40746161341667175
2025-12-04 17:45:18,053 INFO:   [x=6] Digit 7 score: 0.6168895363807678
2025-12-04 17:45:18,053 INFO:   [x=6] Digit 8 score: 0.4089187681674957
2025-12-04 17:45:18,054 INFO:   [x=6] Digit 9 score: 0.41403618454933167
2025-12-04 17:45:18,060 INFO:   [x=16] Digit 0 score: 0.9621669054031372
2025-12-04 17:45:18,060 INFO:   [x=16] Digit 1 score: 0.5351661443710327
2025-12-04 17:45:18,061 INFO:   [x=16] Digit 2 score: 0.44410547614097595
2025-12-04 17:45:18,061 INFO:   [x=16] Digit 3 score: 0.45522603392601013
2025-12-04 17:45:18,061 INFO:   [x=16] Digit 4 score: 0.3794463574886322
2025-12-04 17:45:18,061 INFO:   [x=16] Digit 5 score: 0.502140462398529
2025-12-04 17:45:18,062 INFO:   [x=16] Digit 6 score: 0.5618355870246887
2025-12-04 17:45:18,062 INFO:   [x=16] Digit 7 score: 0.3995830714702606
2025-12-04 17:45:18,062 INFO:   [x=16] Digit 8 score: 0.6483974456787109
2025-12-04 17:45:18,062 INFO:   [x=16] Digit 9 score: 0.5930589437484741
2025-12-04 17:45:18,063 INFO:   [x=90] Digit 0 score: 0.3772771656513214
2025-12-04 17:45:18,063 INFO:   [x=90] Digit 1 score: 0.5128686428070068
2025-12-04 17:45:18,063 INFO:   [x=90] Digit 2 score: 0.42597922682762146
2025-12-04 17:45:18,063 INFO:   [x=90] Digit 3 score: 0.45581501722335815
2025-12-04 17:45:18,064 INFO:   [x=90] Digit 4 score: 0.5811069011688232
2025-12-04 17:45:18,064 INFO:   [x=90] Digit 5 score: 0.3896559476852417
2025-12-04 17:45:18,064 INFO:   [x=90] Digit 6 score: 0.37787890434265137
2025-12-04 17:45:18,064 INFO:   [x=90] Digit 7 score: 0.47851693630218506
2025-12-04 17:45:18,064 INFO:   [x=90] Digit 8 score: 0.39977437257766724
2025-12-04 17:45:18,065 INFO:   [x=90] Digit 9 score: 0.4025130569934845
2025-12-04 17:45:18,067 INFO:   [x=8] Digit 0 score: 0.5144458413124084
2025-12-04 17:45:18,067 INFO:   [x=8] Digit 1 score: 0.42138510942459106
2025-12-04 17:45:18,068 INFO:   [x=8] Digit 2 score: 0.9539275169372559
2025-12-04 17:45:18,068 INFO:   [x=8] Digit 3 score: 0.6235804557800293
2025-12-04 17:45:18,068 INFO:   [x=8] Digit 4 score: 0.5807954668998718
2025-12-04 17:45:18,068 INFO:   [x=8] Digit 5 score: 0.47734400629997253
2025-12-04 17:45:18,068 INFO:   [x=8] Digit 6 score: 0.40746161341667175
2025-12-04 17:45:18,068 INFO:   [x=8] Digit 7 score: 0.6168895363807678
2025-12-04 17:45:18,069 INFO:   [x=8] Digit 8 score: 0.4089187681674957
2025-12-04 17:45:18,069 INFO:   [x=8] Digit 9 score: 0.41403618454933167
2025-12-04 17:45:18,069 INFO:   [x=18] Digit 0 score: 0.9621669054031372
2025-12-04 17:45:18,069 INFO:   [x=18] Digit 1 score: 0.5351661443710327
2025-12-04 17:45:18,070 INFO:   [x=18] Digit 2 score: 0.44410547614097595
2025-12-04 17:45:18,070 INFO:   [x=18] Digit 3 score: 0.45522603392601013
2025-12-04 17:45:18,070 INFO:   [x=18] Digit 4 score: 0.3794463574886322
2025-12-04 17:45:18,070 INFO:   [x=18] Digit 5 score: 0.502140462398529
2025-12-04 17:45:18,070 INFO:   [x=18] Digit 6 score: 0.5618355870246887
2025-12-04 17:45:18,070 INFO:   [x=18] Digit 7 score: 0.3995830714702606
2025-12-04 17:45:18,071 INFO:   [x=18] Digit 8 score: 0.6483974456787109
2025-12-04 17:45:18,071 INFO:   [x=18] Digit 9 score: 0.5930589437484741
2025-12-04 17:45:18,071 INFO:   [x=28] Digit 0 score: 0.9621669054031372
2025-12-04 17:45:18,071 INFO:   [x=28] Digit 1 score: 0.5351661443710327
2025-12-04 17:45:18,072 INFO:   [x=28] Digit 2 score: 0.44410547614097595
2025-12-04 17:45:18,072 INFO:   [x=28] Digit 3 score: 0.45522603392601013
2025-12-04 17:45:18,072 INFO:   [x=28] Digit 4 score: 0.3794463574886322
2025-12-04 17:45:18,072 INFO:   [x=28] Digit 5 score: 0.502140462398529
2025-12-04 17:45:18,072 INFO:   [x=28] Digit 6 score: 0.5618355870246887
2025-12-04 17:45:18,072 INFO:   [x=28] Digit 7 score: 0.3995830714702606
2025-12-04 17:45:18,072 INFO:   [x=28] Digit 8 score: 0.6483974456787109
2025-12-04 17:45:18,073 INFO:   [x=28] Digit 9 score: 0.5930589437484741
2025-12-04 17:45:18,074 INFO:   [x=5] Digit 0 score: 0.48778030276298523
2025-12-04 17:45:18,075 INFO:   [x=5] Digit 1 score: 0.9599044919013977
2025-12-04 17:45:18,075 INFO:   [x=5] Digit 2 score: 0.36956703662872314
2025-12-04 17:45:18,075 INFO:   [x=5] Digit 3 score: 0.5106933116912842
2025-12-04 17:45:18,075 INFO:   [x=5] Digit 4 score: 0.6198256611824036
2025-12-04 17:45:18,075 INFO:   [x=5] Digit 5 score: 0.3919067680835724
2025-12-04 17:45:18,075 INFO:   [x=5] Digit 6 score: 0.3023832440376282
2025-12-04 17:45:18,076 INFO:   [x=5] Digit 7 score: 0.40751615166664124
2025-12-04 17:45:18,077 INFO:   [x=5] Digit 8 score: 0.36469900608062744
2025-12-04 17:45:18,077 INFO:   [x=5] Digit 9 score: 0.42690494656562805
2025-12-04 17:45:18,078 INFO:   [x=15] Digit 0 score: 0.9621669054031372
2025-12-04 17:45:18,079 INFO:   [x=15] Digit 1 score: 0.5351661443710327
2025-12-04 17:45:18,079 INFO:   [x=15] Digit 2 score: 0.44410547614097595
2025-12-04 17:45:18,079 INFO:   [x=15] Digit 3 score: 0.45522603392601013
2025-12-04 17:45:18,081 INFO:   [x=15] Digit 4 score: 0.3794463574886322
2025-12-04 17:45:18,081 INFO:   [x=15] Digit 5 score: 0.502140462398529
2025-12-04 17:45:18,082 INFO:   [x=15] Digit 6 score: 0.5618355870246887
2025-12-04 17:45:18,082 INFO:   [x=15] Digit 7 score: 0.3995830714702606
2025-12-04 17:45:18,082 INFO:   [x=15] Digit 8 score: 0.6483974456787109
2025-12-04 17:45:18,082 INFO:   [x=15] Digit 9 score: 0.5930589437484741
2025-12-04 17:45:18,083 INFO:   [x=25] Digit 0 score: 0.9621669054031372
2025-12-04 17:45:18,083 INFO:   [x=25] Digit 1 score: 0.5351661443710327
2025-12-04 17:45:18,084 INFO:   [x=25] Digit 2 score: 0.44410547614097595
2025-12-04 17:45:18,084 INFO:   [x=25] Digit 3 score: 0.45522603392601013
2025-12-04 17:45:18,084 INFO:   [x=25] Digit 4 score: 0.3794463574886322
2025-12-04 17:45:18,084 INFO:   [x=25] Digit 5 score: 0.502140462398529
2025-12-04 17:45:18,084 INFO:   [x=25] Digit 6 score: 0.5618355870246887
2025-12-04 17:45:18,085 INFO:   [x=25] Digit 7 score: 0.3995830714702606
2025-12-04 17:45:18,086 INFO:   [x=25] Digit 8 score: 0.6483974456787109
2025-12-04 17:45:18,086 INFO:   [x=25] Digit 9 score: 0.5930589437484741
2025-12-04 17:45:18,088 INFO:   [x=7] Digit 0 score: 0.9621669054031372
2025-12-04 17:45:18,088 INFO:   [x=7] Digit 1 score: 0.5351661443710327
2025-12-04 17:45:18,088 INFO:   [x=7] Digit 2 score: 0.44410547614097595
2025-12-04 17:45:18,088 INFO:   [x=7] Digit 3 score: 0.45522603392601013
2025-12-04 17:45:18,088 INFO:   [x=7] Digit 4 score: 0.3794463574886322
2025-12-04 17:45:18,088 INFO:   [x=7] Digit 5 score: 0.502140462398529
2025-12-04 17:45:18,089 INFO:   [x=7] Digit 6 score: 0.5618355870246887
2025-12-04 17:45:18,089 INFO:   [x=7] Digit 7 score: 0.3995830714702606
2025-12-04 17:45:18,089 INFO:   [x=7] Digit 8 score: 0.6483974456787109
2025-12-04 17:45:18,089 INFO:   [x=7] Digit 9 score: 0.5930589437484741
2025-12-04 17:45:18,090 INFO:   [x=6] Digit 0 score: 0.5144458413124084
2025-12-04 17:45:18,090 INFO:   [x=6] Digit 1 score: 0.42138510942459106
2025-12-04 17:45:18,091 INFO:   [x=6] Digit 2 score: 0.9539275169372559
2025-12-04 17:45:18,091 INFO:   [x=6] Digit 3 score: 0.6235804557800293
2025-12-04 17:45:18,091 INFO:   [x=6] Digit 4 score: 0.5807954668998718
2025-12-04 17:45:18,092 INFO:   [x=6] Digit 5 score: 0.47734400629997253
2025-12-04 17:45:18,092 INFO:   [x=6] Digit 6 score: 0.40746161341667175
2025-12-04 17:45:18,093 INFO:   [x=6] Digit 7 score: 0.6168895363807678
2025-12-04 17:45:18,093 INFO:   [x=6] Digit 8 score: 0.4089187681674957
2025-12-04 17:45:18,094 INFO:   [x=6] Digit 9 score: 0.41403618454933167
2025-12-04 17:45:18,094 INFO:   [x=16] Digit 0 score: 0.9621669054031372
2025-12-04 17:45:18,094 INFO:   [x=16] Digit 1 score: 0.5351661443710327
2025-12-04 17:45:18,095 INFO:   [x=16] Digit 2 score: 0.44410547614097595
2025-12-04 17:45:18,095 INFO:   [x=16] Digit 3 score: 0.45522603392601013
2025-12-04 17:45:18,096 INFO:   [x=16] Digit 4 score: 0.3794463574886322
2025-12-04 17:45:18,096 INFO:   [x=16] Digit 5 score: 0.502140462398529
2025-12-04 17:45:18,096 INFO:   [x=16] Digit 6 score: 0.5618355870246887
2025-12-04 17:45:18,097 INFO:   [x=16] Digit 7 score: 0.3995830714702606
2025-12-04 17:45:18,097 INFO:   [x=16] Digit 8 score: 0.6483974456787109
2025-12-04 17:45:18,097 INFO:   [x=16] Digit 9 score: 0.5930589437484741
2025-12-04 17:45:18,097 INFO:   [x=90] Digit 0 score: 0.3772771656513214
2025-12-04 17:45:18,098 INFO:   [x=90] Digit 1 score: 0.5128686428070068
2025-12-04 17:45:18,098 INFO:   [x=90] Digit 2 score: 0.42597922682762146
2025-12-04 17:45:18,098 INFO:   [x=90] Digit 3 score: 0.45581501722335815
2025-12-04 17:45:18,098 INFO:   [x=90] Digit 4 score: 0.5811069011688232
2025-12-04 17:45:18,098 INFO:   [x=90] Digit 5 score: 0.3896559476852417
2025-12-04 17:45:18,099 INFO:   [x=90] Digit 6 score: 0.37787890434265137
2025-12-04 17:45:18,099 INFO:   [x=90] Digit 7 score: 0.47851693630218506
2025-12-04 17:45:18,099 INFO:   [x=90] Digit 8 score: 0.39977437257766724
2025-12-04 17:45:18,099 INFO:   [x=90] Digit 9 score: 0.4025130569934845
2025-12-04 17:45:18,100 INFO:   [x=8] Digit 0 score: 0.5144458413124084
2025-12-04 17:45:18,100 INFO:   [x=8] Digit 1 score: 0.42138510942459106
2025-12-04 17:45:18,100 INFO:   [x=8] Digit 2 score: 0.9539275169372559
2025-12-04 17:45:18,100 INFO:   [x=8] Digit 3 score: 0.6235804557800293
2025-12-04 17:45:18,100 INFO:   [x=8] Digit 4 score: 0.5807954668998718
2025-12-04 17:45:18,101 INFO:   [x=8] Digit 5 score: 0.47734400629997253
2025-12-04 17:45:18,101 INFO:   [x=8] Digit 6 score: 0.40746161341667175
2025-12-04 17:45:18,101 INFO:   [x=8] Digit 7 score: 0.6168895363807678
2025-12-04 17:45:18,102 INFO:   [x=8] Digit 8 score: 0.4089187681674957
2025-12-04 17:45:18,102 INFO:   [x=8] Digit 9 score: 0.41403618454933167
2025-12-04 17:45:18,102 INFO:   [x=18] Digit 0 score: 0.9621669054031372
2025-12-04 17:45:18,103 INFO:   [x=18] Digit 1 score: 0.5351661443710327
2025-12-04 17:45:18,103 INFO:   [x=18] Digit 2 score: 0.44410547614097595
2025-12-04 17:45:18,103 INFO:   [x=18] Digit 3 score: 0.45522603392601013
2025-12-04 17:45:18,103 INFO:   [x=18] Digit 4 score: 0.3794463574886322
2025-12-04 17:45:18,103 INFO:   [x=18] Digit 5 score: 0.502140462398529
2025-12-04 17:45:18,103 INFO:   [x=18] Digit 6 score: 0.5618355870246887
2025-12-04 17:45:18,104 INFO:   [x=18] Digit 7 score: 0.3995830714702606
2025-12-04 17:45:18,104 INFO:   [x=18] Digit 8 score: 0.6483974456787109
2025-12-04 17:45:18,104 INFO:   [x=18] Digit 9 score: 0.5930589437484741
2025-12-04 17:45:18,104 INFO:   [x=28] Digit 0 score: 0.9621669054031372
2025-12-04 17:45:18,105 INFO:   [x=28] Digit 1 score: 0.5351661443710327
2025-12-04 17:45:18,105 INFO:   [x=28] Digit 2 score: 0.44410547614097595
2025-12-04 17:45:18,105 INFO:   [x=28] Digit 3 score: 0.45522603392601013
2025-12-04 17:45:18,105 INFO:   [x=28] Digit 4 score: 0.3794463574886322
2025-12-04 17:45:18,105 INFO:   [x=28] Digit 5 score: 0.502140462398529
2025-12-04 17:45:18,105 INFO:   [x=28] Digit 6 score: 0.5618355870246887
2025-12-04 17:45:18,106 INFO:   [x=28] Digit 7 score: 0.3995830714702606
2025-12-04 17:45:18,106 INFO:   [x=28] Digit 8 score: 0.6483974456787109
2025-12-04 17:45:18,106 INFO:   [x=28] Digit 9 score: 0.5930589437484741
2025-12-04 17:45:18,106 INFO:   [x=5] Digit 0 score: 0.48778030276298523
2025-12-04 17:45:18,107 INFO:   [x=5] Digit 1 score: 0.9599044919013977
2025-12-04 17:45:18,107 INFO:   [x=5] Digit 2 score: 0.36956703662872314
2025-12-04 17:45:18,107 INFO:   [x=5] Digit 3 score: 0.5106933116912842
2025-12-04 17:45:18,107 INFO:   [x=5] Digit 4 score: 0.6198256611824036
2025-12-04 17:45:18,107 INFO:   [x=5] Digit 5 score: 0.3919067680835724
2025-12-04 17:45:18,108 INFO:   [x=5] Digit 6 score: 0.3023832440376282
2025-12-04 17:45:18,108 INFO:   [x=5] Digit 7 score: 0.40751615166664124
2025-12-04 17:45:18,108 INFO:   [x=5] Digit 8 score: 0.36469900608062744
2025-12-04 17:45:18,108 INFO:   [x=5] Digit 9 score: 0.42690494656562805
2025-12-04 17:45:18,108 INFO:   [x=15] Digit 0 score: 0.9621669054031372
2025-12-04 17:45:18,109 INFO:   [x=15] Digit 1 score: 0.5351661443710327
2025-12-04 17:45:18,109 INFO:   [x=15] Digit 2 score: 0.44410547614097595
2025-12-04 17:45:18,109 INFO:   [x=15] Digit 3 score: 0.45522603392601013
2025-12-04 17:45:18,109 INFO:   [x=15] Digit 4 score: 0.3794463574886322
2025-12-04 17:45:18,110 INFO:   [x=15] Digit 5 score: 0.502140462398529
2025-12-04 17:45:18,110 INFO:   [x=15] Digit 6 score: 0.5618355870246887
2025-12-04 17:45:18,110 INFO:   [x=15] Digit 7 score: 0.3995830714702606
2025-12-04 17:45:18,110 INFO:   [x=15] Digit 8 score: 0.6483974456787109
2025-12-04 17:45:18,111 INFO:   [x=15] Digit 9 score: 0.5930589437484741
2025-12-04 17:45:18,112 INFO:   [x=25] Digit 0 score: 0.9621669054031372
2025-12-04 17:45:18,112 INFO:   [x=25] Digit 1 score: 0.5351661443710327
2025-12-04 17:45:18,113 INFO:   [x=25] Digit 2 score: 0.44410547614097595
2025-12-04 17:45:18,114 INFO:   [x=25] Digit 3 score: 0.45522603392601013
2025-12-04 17:45:18,114 INFO:   [x=25] Digit 4 score: 0.3794463574886322
2025-12-04 17:45:18,115 INFO:   [x=25] Digit 5 score: 0.502140462398529
2025-12-04 17:45:18,116 INFO:   [x=25] Digit 6 score: 0.5618355870246887
2025-12-04 17:45:18,116 INFO:   [x=25] Digit 7 score: 0.3995830714702606
2025-12-04 17:45:18,117 INFO:   [x=25] Digit 8 score: 0.6483974456787109
2025-12-04 17:45:18,117 INFO:   [x=25] Digit 9 score: 0.5930589437484741
2025-12-04 17:45:18,118 INFO:   [x=7] Digit 0 score: 0.9621669054031372
2025-12-04 17:45:18,118 INFO:   [x=7] Digit 1 score: 0.5351661443710327
2025-12-04 17:45:18,118 INFO:   [x=7] Digit 2 score: 0.44410547614097595
2025-12-04 17:45:18,119 INFO:   [x=7] Digit 3 score: 0.45522603392601013
2025-12-04 17:45:18,119 INFO:   [x=7] Digit 4 score: 0.3794463574886322
2025-12-04 17:45:18,119 INFO:   [x=7] Digit 5 score: 0.502140462398529
2025-12-04 17:45:18,119 INFO:   [x=7] Digit 6 score: 0.5618355870246887
2025-12-04 17:45:18,120 INFO:   [x=7] Digit 7 score: 0.3995830714702606
2025-12-04 17:45:18,120 INFO:   [x=7] Digit 8 score: 0.6483974456787109
2025-12-04 17:45:18,120 INFO:   [x=7] Digit 9 score: 0.5930589437484741
2025-12-04 17:45:54,185 INFO: Finding anchors...
2025-12-04 17:45:54,227 INFO: Found anchors: {'food': (14, 189), 'wood': (14, 228), 'gold': (14, 267), 'stone': (15, 305)}
2025-12-04 17:45:54,243 INFO:   [food x=6] Digit 0 score: 0.5144458413124084
2025-12-04 17:45:54,243 INFO:   [food x=6] Digit 1 score: 0.42138510942459106
2025-12-04 17:45:54,244 INFO:   [food x=6] Digit 2 score: 0.9539275169372559
2025-12-04 17:45:54,244 INFO:   [food x=6] Digit 3 score: 0.6235804557800293
2025-12-04 17:45:54,244 INFO:   [food x=6] Digit 4 score: 0.5807954668998718
2025-12-04 17:45:54,244 INFO:   [food x=6] Digit 5 score: 0.47734400629997253
2025-12-04 17:45:54,244 INFO:   [food x=6] Digit 6 score: 0.40746161341667175
2025-12-04 17:45:54,244 INFO:   [food x=6] Digit 7 score: 0.6168895363807678
2025-12-04 17:45:54,245 INFO:   [food x=6] Digit 8 score: 0.4089187681674957
2025-12-04 17:45:54,245 INFO:   [food x=6] Digit 9 score: 0.41403618454933167
2025-12-04 17:45:54,246 INFO:   [food x=16] Digit 0 score: 0.9621669054031372
2025-12-04 17:45:54,246 INFO:   [food x=16] Digit 1 score: 0.5351661443710327
2025-12-04 17:45:54,246 INFO:   [food x=16] Digit 2 score: 0.44410547614097595
2025-12-04 17:45:54,246 INFO:   [food x=16] Digit 3 score: 0.45522603392601013
2025-12-04 17:45:54,246 INFO:   [food x=16] Digit 4 score: 0.3794463574886322
2025-12-04 17:45:54,246 INFO:   [food x=16] Digit 5 score: 0.502140462398529
2025-12-04 17:45:54,246 INFO:   [food x=16] Digit 6 score: 0.5618355870246887
2025-12-04 17:45:54,246 INFO:   [food x=16] Digit 7 score: 0.3995830714702606
2025-12-04 17:45:54,246 INFO:   [food x=16] Digit 8 score: 0.6483974456787109
2025-12-04 17:45:54,246 INFO:   [food x=16] Digit 9 score: 0.5930589437484741
2025-12-04 17:45:54,247 INFO:   [food x=90] Digit 0 score: 0.3772771656513214
2025-12-04 17:45:54,247 INFO:   [food x=90] Digit 1 score: 0.5128686428070068
2025-12-04 17:45:54,247 INFO:   [food x=90] Digit 2 score: 0.42597922682762146
2025-12-04 17:45:54,247 INFO:   [food x=90] Digit 3 score: 0.45581501722335815
2025-12-04 17:45:54,247 INFO:   [food x=90] Digit 4 score: 0.5811069011688232
2025-12-04 17:45:54,247 INFO:   [food x=90] Digit 5 score: 0.3896559476852417
2025-12-04 17:45:54,247 INFO:   [food x=90] Digit 6 score: 0.37787890434265137
2025-12-04 17:45:54,248 INFO:   [food x=90] Digit 7 score: 0.47851693630218506
2025-12-04 17:45:54,248 INFO:   [food x=90] Digit 8 score: 0.39977437257766724
2025-12-04 17:45:54,248 INFO:   [food x=90] Digit 9 score: 0.4025130569934845
2025-12-04 17:45:54,257 INFO:   [food x=6] Digit 0 score: 0.5144458413124084
2025-12-04 17:45:54,257 INFO:   [food x=6] Digit 1 score: 0.42138510942459106
2025-12-04 17:45:54,257 INFO:   [food x=6] Digit 2 score: 0.9539275169372559
2025-12-04 17:45:54,257 INFO:   [food x=6] Digit 3 score: 0.6235804557800293
2025-12-04 17:45:54,257 INFO:   [food x=6] Digit 4 score: 0.5807954668998718
2025-12-04 17:45:54,258 INFO:   [food x=6] Digit 5 score: 0.47734400629997253
2025-12-04 17:45:54,258 INFO:   [food x=6] Digit 6 score: 0.40746161341667175
2025-12-04 17:45:54,258 INFO:   [food x=6] Digit 7 score: 0.6168895363807678
2025-12-04 17:45:54,258 INFO:   [food x=6] Digit 8 score: 0.4089187681674957
2025-12-04 17:45:54,258 INFO:   [food x=6] Digit 9 score: 0.41403618454933167
2025-12-04 17:45:54,259 INFO:   [food x=16] Digit 0 score: 0.9621669054031372
2025-12-04 17:45:54,259 INFO:   [food x=16] Digit 1 score: 0.5351661443710327
2025-12-04 17:45:54,259 INFO:   [food x=16] Digit 2 score: 0.44410547614097595
2025-12-04 17:45:54,259 INFO:   [food x=16] Digit 3 score: 0.45522603392601013
2025-12-04 17:45:54,260 INFO:   [food x=16] Digit 4 score: 0.3794463574886322
2025-12-04 17:45:54,260 INFO:   [food x=16] Digit 5 score: 0.502140462398529
2025-12-04 17:45:54,260 INFO:   [food x=16] Digit 6 score: 0.5618355870246887
2025-12-04 17:45:54,260 INFO:   [food x=16] Digit 7 score: 0.3995830714702606
2025-12-04 17:45:54,260 INFO:   [food x=16] Digit 8 score: 0.6483974456787109
2025-12-04 17:45:54,261 INFO:   [food x=16] Digit 9 score: 0.5930589437484741
2025-12-04 17:45:54,261 INFO:   [food x=90] Digit 0 score: 0.3772771656513214
2025-12-04 17:45:54,262 INFO:   [food x=90] Digit 1 score: 0.5128686428070068
2025-12-04 17:45:54,262 INFO:   [food x=90] Digit 2 score: 0.42597922682762146
2025-12-04 17:45:54,262 INFO:   [food x=90] Digit 3 score: 0.45581501722335815
2025-12-04 17:45:54,262 INFO:   [food x=90] Digit 4 score: 0.5811069011688232
2025-12-04 17:45:54,262 INFO:   [food x=90] Digit 5 score: 0.3896559476852417
2025-12-04 17:45:54,263 INFO:   [food x=90] Digit 6 score: 0.37787890434265137
2025-12-04 17:45:54,263 INFO:   [food x=90] Digit 7 score: 0.47851693630218506
2025-12-04 17:45:54,263 INFO:   [food x=90] Digit 8 score: 0.39977437257766724
2025-12-04 17:45:54,263 INFO:   [food x=90] Digit 9 score: 0.4025130569934845
2025-12-04 17:46:15,944 INFO: Finding anchors...
2025-12-04 17:46:15,987 INFO: Found anchors: {'food': (14, 189), 'wood': (14, 228), 'gold': (14, 267), 'stone': (15, 305)}
2025-12-04 17:46:16,001 INFO:   [food x=6] Digit 0 score: 0.5149499773979187
2025-12-04 17:46:16,002 INFO:   [food x=6] Digit 1 score: 0.47555744647979736
2025-12-04 17:46:16,002 INFO:   [food x=6] Digit 2 score: 0.7369973659515381
2025-12-04 17:46:16,002 INFO:   [food x=6] Digit 3 score: 0.5543362498283386
2025-12-04 17:46:16,002 INFO:   [food x=6] Digit 4 score: 0.6816405653953552
2025-12-04 17:46:16,003 INFO:   [food x=6] Digit 5 score: 0.41765159368515015
2025-12-04 17:46:16,003 INFO:   [food x=6] Digit 6 score: 0.3916754722595215
2025-12-04 17:46:16,003 INFO:   [food x=6] Digit 7 score: 0.5872795581817627
2025-12-04 17:46:16,003 INFO:   [food x=6] Digit 8 score: 0.3594489097595215
2025-12-04 17:46:16,004 INFO:   [food x=6] Digit 9 score: 0.45284271240234375
2025-12-04 17:46:16,005 INFO:   [food x=16] Digit 0 score: 0.7686059474945068
2025-12-04 17:46:16,005 INFO:   [food x=16] Digit 1 score: 0.5343279838562012
2025-12-04 17:46:16,005 INFO:   [food x=16] Digit 2 score: 0.42893871665000916
2025-12-04 17:46:16,006 INFO:   [food x=16] Digit 3 score: 0.3772713243961334
2025-12-04 17:46:16,006 INFO:   [food x=16] Digit 4 score: 0.4002799391746521
2025-12-04 17:46:16,006 INFO:   [food x=16] Digit 5 score: 0.4161156117916107
2025-12-04 17:46:16,006 INFO:   [food x=16] Digit 6 score: 0.44434458017349243
2025-12-04 17:46:16,006 INFO:   [food x=16] Digit 7 score: 0.3815566301345825
2025-12-04 17:46:16,006 INFO:   [food x=16] Digit 8 score: 0.44702237844467163
2025-12-04 17:46:16,007 INFO:   [food x=16] Digit 9 score: 0.515541672706604
2025-12-04 17:46:16,007 INFO:   [food x=90] Digit 0 score: 0.540717601776123
2025-12-04 17:46:16,007 INFO:   [food x=90] Digit 1 score: 0.5340629816055298
2025-12-04 17:46:16,008 INFO:   [food x=90] Digit 2 score: 0.4608425498008728
2025-12-04 17:46:16,008 INFO:   [food x=90] Digit 3 score: 0.4772317707538605
2025-12-04 17:46:16,008 INFO:   [food x=90] Digit 4 score: 0.6137573719024658
2025-12-04 17:46:16,008 INFO:   [food x=90] Digit 5 score: 0.43461090326309204
2025-12-04 17:46:16,008 INFO:   [food x=90] Digit 6 score: 0.4718208611011505
2025-12-04 17:46:16,008 INFO:   [food x=90] Digit 7 score: 0.5370566844940186
2025-12-04 17:46:16,009 INFO:   [food x=90] Digit 8 score: 0.45493844151496887
2025-12-04 17:46:16,009 INFO:   [food x=90] Digit 9 score: 0.47575145959854126
2025-12-04 17:46:16,017 INFO:   [food x=6] Digit 0 score: 0.5149499773979187
2025-12-04 17:46:16,018 INFO:   [food x=6] Digit 1 score: 0.47555744647979736
2025-12-04 17:46:16,018 INFO:   [food x=6] Digit 2 score: 0.7369973659515381
2025-12-04 17:46:16,018 INFO:   [food x=6] Digit 3 score: 0.5543362498283386
2025-12-04 17:46:16,018 INFO:   [food x=6] Digit 4 score: 0.6816405653953552
2025-12-04 17:46:16,018 INFO:   [food x=6] Digit 5 score: 0.41765159368515015
2025-12-04 17:46:16,018 INFO:   [food x=6] Digit 6 score: 0.3916754722595215
2025-12-04 17:46:16,018 INFO:   [food x=6] Digit 7 score: 0.5872795581817627
2025-12-04 17:46:16,018 INFO:   [food x=6] Digit 8 score: 0.3594489097595215
2025-12-04 17:46:16,019 INFO:   [food x=6] Digit 9 score: 0.45284271240234375
2025-12-04 17:46:16,019 INFO:   [food x=16] Digit 0 score: 0.7686059474945068
2025-12-04 17:46:16,019 INFO:   [food x=16] Digit 1 score: 0.5343279838562012
2025-12-04 17:46:16,019 INFO:   [food x=16] Digit 2 score: 0.42893871665000916
2025-12-04 17:46:16,020 INFO:   [food x=16] Digit 3 score: 0.3772713243961334
2025-12-04 17:46:16,020 INFO:   [food x=16] Digit 4 score: 0.4002799391746521
2025-12-04 17:46:16,020 INFO:   [food x=16] Digit 5 score: 0.4161156117916107
2025-12-04 17:46:16,020 INFO:   [food x=16] Digit 6 score: 0.44434458017349243
2025-12-04 17:46:16,020 INFO:   [food x=16] Digit 7 score: 0.3815566301345825
2025-12-04 17:46:16,021 INFO:   [food x=16] Digit 8 score: 0.44702237844467163
2025-12-04 17:46:16,021 INFO:   [food x=16] Digit 9 score: 0.515541672706604
2025-12-04 17:46:16,021 INFO:   [food x=90] Digit 0 score: 0.540717601776123
2025-12-04 17:46:16,021 INFO:   [food x=90] Digit 1 score: 0.5340629816055298
2025-12-04 17:46:16,021 INFO:   [food x=90] Digit 2 score: 0.4608425498008728
2025-12-04 17:46:16,021 INFO:   [food x=90] Digit 3 score: 0.4772317707538605
2025-12-04 17:46:16,022 INFO:   [food x=90] Digit 4 score: 0.6137573719024658
2025-12-04 17:46:16,022 INFO:   [food x=90] Digit 5 score: 0.43461090326309204
2025-12-04 17:46:16,022 INFO:   [food x=90] Digit 6 score: 0.4718208611011505
2025-12-04 17:46:16,022 INFO:   [food x=90] Digit 7 score: 0.5370566844940186
2025-12-04 17:46:16,022 INFO:   [food x=90] Digit 8 score: 0.45493844151496887
2025-12-04 17:46:16,022 INFO:   [food x=90] Digit 9 score: 0.47575145959854126
2025-12-04 17:46:36,530 INFO: Finding anchors...
2025-12-04 17:46:36,561 INFO: Found anchors: {'food': (14, 189), 'wood': (14, 228), 'gold': (14, 267), 'stone': (15, 305)}
2025-12-04 17:46:36,570 INFO:   [food x=6] Digit 0 score: 0.4096970856189728
2025-12-04 17:46:36,570 INFO:   [food x=6] Digit 1 score: 0.33195987343788147
2025-12-04 17:46:36,571 INFO:   [food x=6] Digit 2 score: 0.556850016117096
2025-12-04 17:46:36,571 INFO:   [food x=6] Digit 3 score: 0.43773704767227173
2025-12-04 17:46:36,571 INFO:   [food x=6] Digit 4 score: 0.36649420857429504
2025-12-04 17:46:36,571 INFO:   [food x=6] Digit 5 score: 0.3254288136959076
2025-12-04 17:46:36,572 INFO:   [food x=6] Digit 7 score: 0.3860695958137512
2025-12-04 17:46:36,572 INFO:   [food x=6] Digit 8 score: 0.36296918988227844
2025-12-04 17:46:36,572 INFO:   [food x=16] Digit 0 score: 0.6232807040214539
2025-12-04 17:46:36,573 INFO:   [food x=16] Digit 1 score: 0.343095600605011
2025-12-04 17:46:36,573 INFO:   [food x=16] Digit 3 score: 0.3002980649471283
2025-12-04 17:46:36,573 INFO:   [food x=16] Digit 4 score: 0.3507988750934601
2025-12-04 17:46:36,573 INFO:   [food x=16] Digit 5 score: 0.3265521824359894
2025-12-04 17:46:36,573 INFO:   [food x=16] Digit 6 score: 0.40751343965530396
2025-12-04 17:46:36,574 INFO:   [food x=16] Digit 7 score: 0.3629476726055145
2025-12-04 17:46:36,574 INFO:   [food x=16] Digit 8 score: 0.37136366963386536
2025-12-04 17:46:36,574 INFO:   [food x=16] Digit 9 score: 0.44925442337989807
2025-12-04 17:46:36,574 INFO:   [food x=90] Digit 0 score: 0.34075555205345154
2025-12-04 17:46:36,574 INFO:   [food x=90] Digit 1 score: 0.46504640579223633
2025-12-04 17:46:36,575 INFO:   [food x=90] Digit 2 score: 0.34604185819625854
2025-12-04 17:46:36,576 INFO:   [food x=90] Digit 3 score: 0.4190947115421295
2025-12-04 17:46:36,580 INFO:   [food x=90] Digit 4 score: 0.4934573173522949
2025-12-04 17:46:36,580 INFO:   [food x=90] Digit 5 score: 0.3381546139717102
2025-12-04 17:46:36,580 INFO:   [food x=90] Digit 6 score: 0.32681775093078613
2025-12-04 17:46:36,581 INFO:   [food x=90] Digit 7 score: 0.4968947172164917
2025-12-04 17:46:36,581 INFO:   [food x=90] Digit 8 score: 0.30503565073013306
2025-12-04 17:46:36,581 INFO:   [food x=90] Digit 9 score: 0.40774956345558167
2025-12-04 17:46:36,595 INFO:   [food x=6] Digit 0 score: 0.4096970856189728
2025-12-04 17:46:36,596 INFO:   [food x=6] Digit 1 score: 0.33195987343788147
2025-12-04 17:46:36,596 INFO:   [food x=6] Digit 2 score: 0.556850016117096
2025-12-04 17:46:36,596 INFO:   [food x=6] Digit 3 score: 0.43773704767227173
2025-12-04 17:46:36,596 INFO:   [food x=6] Digit 4 score: 0.36649420857429504
2025-12-04 17:46:36,596 INFO:   [food x=6] Digit 5 score: 0.3254288136959076
2025-12-04 17:46:36,597 INFO:   [food x=6] Digit 7 score: 0.3860695958137512
2025-12-04 17:46:36,597 INFO:   [food x=6] Digit 8 score: 0.36296918988227844
2025-12-04 17:46:36,597 INFO:   [food x=16] Digit 0 score: 0.6232807040214539
2025-12-04 17:46:36,598 INFO:   [food x=16] Digit 1 score: 0.343095600605011
2025-12-04 17:46:36,598 INFO:   [food x=16] Digit 3 score: 0.3002980649471283
2025-12-04 17:46:36,598 INFO:   [food x=16] Digit 4 score: 0.3507988750934601
2025-12-04 17:46:36,598 INFO:   [food x=16] Digit 5 score: 0.3265521824359894
2025-12-04 17:46:36,598 INFO:   [food x=16] Digit 6 score: 0.40751343965530396
2025-12-04 17:46:36,598 INFO:   [food x=16] Digit 7 score: 0.3629476726055145
2025-12-04 17:46:36,599 INFO:   [food x=16] Digit 8 score: 0.37136366963386536
2025-12-04 17:46:36,599 INFO:   [food x=16] Digit 9 score: 0.44925442337989807
2025-12-04 17:46:36,600 INFO:   [food x=90] Digit 0 score: 0.34075555205345154
2025-12-04 17:46:36,600 INFO:   [food x=90] Digit 1 score: 0.46504640579223633
2025-12-04 17:46:36,601 INFO:   [food x=90] Digit 2 score: 0.34604185819625854
2025-12-04 17:46:36,601 INFO:   [food x=90] Digit 3 score: 0.4190947115421295
2025-12-04 17:46:36,601 INFO:   [food x=90] Digit 4 score: 0.4934573173522949
2025-12-04 17:46:36,601 INFO:   [food x=90] Digit 5 score: 0.3381546139717102
2025-12-04 17:46:36,602 INFO:   [food x=90] Digit 6 score: 0.32681775093078613
2025-12-04 17:46:36,602 INFO:   [food x=90] Digit 7 score: 0.4968947172164917
2025-12-04 17:46:36,602 INFO:   [food x=90] Digit 8 score: 0.30503565073013306
2025-12-04 17:46:36,602 INFO:   [food x=90] Digit 9 score: 0.40774956345558167
2025-12-04 17:50:55,107 INFO: Finding anchors...
2025-12-04 17:50:55,434 INFO: Found anchors: {'food': (815, 439), 'wood': (1004, 161), 'gold': (1000, 192), 'stone': (1002, 222)}
2025-12-04 17:51:44,565 INFO: Finding anchors...
2025-12-04 17:51:44,624 INFO: Found anchors: {'wood': (220, 184), 'gold': (5, 221), 'stone': (2, 251)}
2025-12-04 17:54:37,163 INFO: Finding anchors...
2025-12-04 17:54:37,211 INFO: Found anchors: {'silver': (5, 221), 'wood': (220, 184), 'stone': (2, 251)}
2025-12-04 17:54:37,228 INFO: Finding anchors...
2025-12-04 17:54:37,249 INFO: Found anchors: {'food': (14, 189), 'wood': (14, 228), 'gold': (14, 267), 'stone': (15, 305), 'silver': (24, 24)}
2025-12-04 17:55:09,455 INFO: Finding anchors...
2025-12-04 17:55:09,517 INFO: Found anchors: {'silver': (5, 221), 'wood': (220, 184), 'stone': (2, 251)}
2025-12-04 17:55:09,526 INFO:   [wood x=38] Digit 0 score: 0.4085201025009155
2025-12-04 17:55:09,526 INFO:   [wood x=38] Digit 1 score: 0.4524898827075958
2025-12-04 17:55:09,527 INFO:   [wood x=38] Digit 2 score: 0.3033769428730011
2025-12-04 17:55:09,527 INFO:   [wood x=38] Digit 4 score: 0.38410788774490356
2025-12-04 17:55:09,527 INFO:   [wood x=38] Digit 5 score: 0.35127755999565125
2025-12-04 17:55:09,527 INFO:   [wood x=38] Digit 6 score: 0.33750155568122864
2025-12-04 17:55:09,528 INFO:   [wood x=38] Digit 7 score: 0.3734564483165741
2025-12-04 17:55:09,528 INFO:   [wood x=38] Digit 8 score: 0.34300196170806885
2025-12-04 17:55:09,528 INFO:   [wood x=38] Digit 9 score: 0.3445475101470947
2025-12-04 17:55:09,538 INFO:   [silver x=0] Digit 0 score: 0.40551817417144775
2025-12-04 17:55:09,539 INFO:   [silver x=0] Digit 1 score: 0.5334405899047852
2025-12-04 17:55:09,539 INFO:   [silver x=0] Digit 2 score: 0.43062108755111694
2025-12-04 17:55:09,540 INFO:   [silver x=0] Digit 3 score: 0.42513176798820496
2025-12-04 17:55:09,540 INFO:   [silver x=0] Digit 4 score: 0.39852869510650635
2025-12-04 17:55:09,540 INFO:   [silver x=0] Digit 5 score: 0.36453238129615784
2025-12-04 17:55:09,540 INFO:   [silver x=0] Digit 6 score: 0.3578963875770569
2025-12-04 17:55:09,541 INFO:   [silver x=0] Digit 7 score: 0.5847201347351074
2025-12-04 17:55:09,541 INFO:   [silver x=0] Digit 8 score: 0.352835088968277
2025-12-04 17:55:09,541 INFO:   [silver x=0] Digit 9 score: 0.3801727294921875
2025-12-04 17:55:09,543 INFO:   [silver x=79] Digit 0 score: 0.40156328678131104
2025-12-04 17:55:09,543 INFO:   [silver x=79] Digit 1 score: 0.4922535717487335
2025-12-04 17:55:09,543 INFO:   [silver x=79] Digit 2 score: 0.38639822602272034
2025-12-04 17:55:09,544 INFO:   [silver x=79] Digit 3 score: 0.3386373817920685
2025-12-04 17:55:09,544 INFO:   [silver x=79] Digit 4 score: 0.4391310214996338
2025-12-04 17:55:09,544 INFO:   [silver x=79] Digit 6 score: 0.34265798330307007
2025-12-04 17:55:09,545 INFO:   [silver x=79] Digit 7 score: 0.5075942277908325
2025-12-04 17:55:09,545 INFO:   [silver x=79] Digit 8 score: 0.3529880940914154
2025-12-04 17:55:09,545 INFO:   [silver x=79] Digit 9 score: 0.32509633898735046
2025-12-04 17:55:09,554 INFO: Finding anchors...
2025-12-04 17:55:09,581 INFO: Found anchors: {'food': (14, 189), 'wood': (14, 228), 'gold': (14, 267), 'stone': (15, 305), 'silver': (24, 24)}
2025-12-04 17:55:09,586 INFO:   [wood x=8] Digit 0 score: 0.4096970856189728
2025-12-04 17:55:09,586 INFO:   [wood x=8] Digit 1 score: 0.33195987343788147
2025-12-04 17:55:09,586 INFO:   [wood x=8] Digit 2 score: 0.556850016117096
2025-12-04 17:55:09,586 INFO:   [wood x=8] Digit 3 score: 0.43773704767227173
2025-12-04 17:55:09,586 INFO:   [wood x=8] Digit 4 score: 0.36649420857429504
2025-12-04 17:55:09,586 INFO:   [wood x=8] Digit 5 score: 0.3254288136959076
2025-12-04 17:55:09,587 INFO:   [wood x=8] Digit 7 score: 0.3860695958137512
2025-12-04 17:55:09,587 INFO:   [wood x=8] Digit 8 score: 0.36296918988227844
2025-12-04 17:55:09,587 INFO:   [wood x=18] Digit 0 score: 0.6232807040214539
2025-12-04 17:55:09,588 INFO:   [wood x=18] Digit 1 score: 0.343095600605011
2025-12-04 17:55:09,588 INFO:   [wood x=18] Digit 3 score: 0.3002980649471283
2025-12-04 17:55:09,588 INFO:   [wood x=18] Digit 4 score: 0.3507988750934601
2025-12-04 17:55:09,588 INFO:   [wood x=18] Digit 5 score: 0.3265521824359894
2025-12-04 17:55:09,589 INFO:   [wood x=18] Digit 6 score: 0.40751343965530396
2025-12-04 17:55:09,589 INFO:   [wood x=18] Digit 7 score: 0.3629476726055145
2025-12-04 17:55:09,589 INFO:   [wood x=18] Digit 8 score: 0.37136366963386536
2025-12-04 17:55:09,589 INFO:   [wood x=18] Digit 9 score: 0.44925442337989807
2025-12-04 17:55:09,590 INFO:   [wood x=28] Digit 0 score: 0.6232807040214539
2025-12-04 17:55:09,590 INFO:   [wood x=28] Digit 1 score: 0.343095600605011
2025-12-04 17:55:09,590 INFO:   [wood x=28] Digit 3 score: 0.3002980649471283
2025-12-04 17:55:09,590 INFO:   [wood x=28] Digit 4 score: 0.3507988750934601
2025-12-04 17:55:09,590 INFO:   [wood x=28] Digit 5 score: 0.3265521824359894
2025-12-04 17:55:09,590 INFO:   [wood x=28] Digit 6 score: 0.40751343965530396
2025-12-04 17:55:09,590 INFO:   [wood x=28] Digit 7 score: 0.3629476726055145
2025-12-04 17:55:09,591 INFO:   [wood x=28] Digit 8 score: 0.37136366963386536
2025-12-04 17:55:09,591 INFO:   [wood x=28] Digit 9 score: 0.44925442337989807
2025-12-04 17:55:29,566 INFO: Finding anchors...
2025-12-04 17:55:29,592 INFO: Found anchors: {'silver': (5, 221), 'wood': (220, 184), 'stone': (2, 251)}
2025-12-04 17:55:29,594 INFO:   [wood x=38] Digit 0 score: 0.4085201025009155
2025-12-04 17:55:29,594 INFO:   [wood x=38] Digit 1 score: 0.4524898827075958
2025-12-04 17:55:29,594 INFO:   [wood x=38] Digit 2 score: 0.3033769428730011
2025-12-04 17:55:29,594 INFO:   [wood x=38] Digit 4 score: 0.38410788774490356
2025-12-04 17:55:29,595 INFO:   [wood x=38] Digit 5 score: 0.35127755999565125
2025-12-04 17:55:29,595 INFO:   [wood x=38] Digit 6 score: 0.33750155568122864
2025-12-04 17:55:29,595 INFO:   [wood x=38] Digit 7 score: 0.3734564483165741
2025-12-04 17:55:29,595 INFO:   [wood x=38] Digit 8 score: 0.34300196170806885
2025-12-04 17:55:29,595 INFO:   [wood x=38] Digit 9 score: 0.3445475101470947
2025-12-04 17:55:29,597 INFO:   [silver x=0] Digit 0 score: 0.40551817417144775
2025-12-04 17:55:29,597 INFO:   [silver x=0] Digit 1 score: 0.5334405899047852
2025-12-04 17:55:29,597 INFO:   [silver x=0] Digit 2 score: 0.43062108755111694
2025-12-04 17:55:29,597 INFO:   [silver x=0] Digit 3 score: 0.42513176798820496
2025-12-04 17:55:29,597 INFO:   [silver x=0] Digit 4 score: 0.39852869510650635
2025-12-04 17:55:29,597 INFO:   [silver x=0] Digit 5 score: 0.36453238129615784
2025-12-04 17:55:29,597 INFO:   [silver x=0] Digit 6 score: 0.3578963875770569
2025-12-04 17:55:29,598 INFO:   [silver x=0] Digit 7 score: 0.5847201347351074
2025-12-04 17:55:29,598 INFO:   [silver x=0] Digit 8 score: 0.352835088968277
2025-12-04 17:55:29,598 INFO:   [silver x=0] Digit 9 score: 0.3801727294921875
2025-12-04 17:55:29,599 INFO:   [silver x=79] Digit 0 score: 0.40156328678131104
2025-12-04 17:55:29,599 INFO:   [silver x=79] Digit 1 score: 0.4922535717487335
2025-12-04 17:55:29,600 INFO:   [silver x=79] Digit 2 score: 0.38639822602272034
2025-12-04 17:55:29,600 INFO:   [silver x=79] Digit 3 score: 0.3386373817920685
2025-12-04 17:55:29,600 INFO:   [silver x=79] Digit 4 score: 0.4391310214996338
2025-12-04 17:55:29,600 INFO:   [silver x=79] Digit 6 score: 0.34265798330307007
2025-12-04 17:55:29,600 INFO:   [silver x=79] Digit 7 score: 0.5075942277908325
2025-12-04 17:55:29,600 INFO:   [silver x=79] Digit 8 score: 0.3529880940914154
2025-12-04 17:55:29,600 INFO:   [silver x=79] Digit 9 score: 0.32509633898735046
2025-12-04 17:58:32,765 INFO: Finding anchors...
2025-12-04 17:58:32,847 INFO: Found anchors: {'silver': (5, 221), 'food': (5, 161), 'wood': (5, 191), 'stone': (5, 251)}
2025-12-04 18:24:43,354 INFO: Finding anchors...
2025-12-04 18:24:43,415 INFO: Found anchors: {'gold': (14, 228), 'stone': (15, 272), 'food': (14, 138), 'wood': (14, 183), 'silver': (13, 316)}
2025-12-04 18:25:55,226 INFO: Finding anchors...
2025-12-04 18:25:55,289 INFO: Found anchors: {'gold': (14, 228), 'stone': (15, 272), 'food': (14, 138), 'wood': (14, 183), 'silver': (13, 316)}
2025-12-04 18:26:08,676 INFO: Finding anchors...
2025-12-04 18:26:08,737 INFO: Found anchors: {'gold': (14, 228), 'stone': (15, 272), 'food': (14, 138), 'wood': (14, 183), 'silver': (13, 316)}
2025-12-04 18:26:15,378 INFO: Finding anchors...
2025-12-04 18:26:15,443 INFO: Found anchors: {'gold': (14, 228), 'stone': (15, 272), 'food': (14, 138), 'wood': (14, 183), 'silver': (13, 316)}
2025-12-04 18:31:43,408 INFO: Finding anchors...
2025-12-04 18:31:43,475 INFO: Found anchors: {'gold': (14, 228), 'stone': (15, 272), 'food': (14, 138), 'wood': (14, 183), 'silver': (13, 316)}
2025-12-04 18:34:50,938 INFO: Finding anchors...
2025-12-04 18:34:51,009 INFO: Found anchors: {'gold': (14, 228), 'stone': (15, 272), 'food': (14, 138), 'wood': (14, 183), 'silver': (13, 316)}
2025-12-04 18:37:54,562 INFO: Finding anchors...
2025-12-04 18:37:54,638 INFO: Found anchors: {'gold': (14, 228), 'stone': (15, 272), 'food': (14, 138), 'wood': (14, 183), 'silver': (13, 316)}
2025-12-04 18:41:43,624 INFO: Finding anchors...
2025-12-04 18:41:43,688 INFO: Found anchors: {'gold': (14, 228), 'stone': (15, 272), 'food': (14, 138), 'wood': (14, 183), 'silver': (13, 316)}
2025-12-04 18:44:34,518 INFO: Finding anchors...
2025-12-04 18:44:34,590 INFO: Found anchors: {'gold': (14, 228), 'stone': (15, 272), 'food': (14, 138), 'wood': (14, 183), 'silver': (13, 316)}
2025-12-04 18:49:34,963 INFO: Finding anchors...
2025-12-04 18:49:35,071 INFO: Found anchors: {'gold': (14, 228), 'stone': (15, 272), 'food': (14, 138), 'wood': (14, 183), 'silver': (13, 316)}
2025-12-04 18:49:48,964 INFO: Finding anchors...
2025-12-04 18:49:49,028 INFO: Found anchors: {'gold': (14, 228), 'stone': (15, 272), 'food': (14, 138), 'wood': (14, 183), 'silver': (13, 316)}
2025-12-04 18:56:06,053 INFO: Finding anchors...
2025-12-04 18:56:06,120 INFO: Found anchors: {'gold': (14, 228), 'stone': (15, 272), 'food': (14, 138), 'wood': (14, 183), 'silver': (13, 316)}
2025-12-04 18:57:01,108 INFO: live_monitor_resources (OpenCV) start poll_sec=1.0 max_points=300
2025-12-04 18:57:01,663 INFO: Finding anchors...
2025-12-04 18:57:01,723 INFO: Found anchors: {'wood': (137, 67), 'food': (262, 280)}
2025-12-04 18:57:30,500 INFO: Quit key pressed - exiting live monitor
2025-12-04 18:57:30,500 INFO: OpenCV live loop ended
2025-12-04 18:57:44,853 INFO: live_monitor_resources (OpenCV) start poll_sec=1.0 max_points=300
2025-12-04 18:57:45,402 INFO: Finding anchors...
2025-12-04 18:57:45,467 INFO: Found anchors: {'wood': (120, 58), 'food': (140, 0)}
2025-12-04 18:58:56,986 INFO: Quit key pressed - exiting live monitor
2025-12-04 18:58:56,987 INFO: OpenCV live loop ended
2025-12-04 19:03:05,610 INFO: Finding anchors...
2025-12-04 19:03:05,763 INFO: Found anchors: {'gold': (14, 228), 'stone': (15, 272), 'food': (14, 138), 'wood': (14, 183), 'silver': (13, 316)}
2025-12-04 19:10:07,234 INFO: Finding anchors...
2025-12-04 19:10:07,292 INFO: Found anchors: {'gold': (14, 228), 'stone': (15, 272), 'food': (14, 138), 'wood': (14, 183), 'silver': (13, 316)}
2025-12-04 19:10:23,001 INFO: Finding anchors...
2025-12-04 19:10:23,061 INFO: Found anchors: {'gold': (14, 228), 'stone': (15, 272), 'food': (14, 138), 'wood': (14, 183), 'silver': (13, 316)}
2025-12-04 19:10:51,114 INFO: Finding anchors...
2025-12-04 19:10:51,237 INFO: Found anchors: {'gold': (14, 228), 'stone': (15, 272), 'food': (14, 138), 'wood': (14, 183), 'silver': (13, 316)}
2025-12-04 19:11:19,071 INFO: Finding anchors...
2025-12-04 19:11:19,133 INFO: Found anchors: {'gold': (14, 228), 'stone': (15, 272), 'food': (14, 138), 'wood': (14, 183), 'silver': (13, 316)}
2025-12-04 19:12:14,755 INFO: Finding anchors...
2025-12-04 19:12:14,833 INFO: Found anchors: {'gold': (14, 228), 'stone': (15, 272), 'food': (14, 138), 'wood': (14, 183), 'silver': (13, 316)}
2025-12-04 19:13:57,243 INFO: live_monitor_resources (OpenCV) start poll_sec=1.0 max_points=300
2025-12-04 19:13:57,798 INFO: Finding anchors...
2025-12-04 19:13:57,880 INFO: Found anchors: {'gold': (14, 228), 'stone': (15, 272), 'wood': (14, 183), 'food': (14, 138), 'silver': (13, 316)}
2025-12-04 19:14:22,584 INFO: Quit key pressed - exiting live monitor
2025-12-04 19:14:22,585 INFO: OpenCV live loop ended
2025-12-04 19:15:32,165 INFO: live_monitor_resources (OpenCV) start poll_sec=1.0 max_points=300
2025-12-04 19:15:32,571 INFO: Finding anchors...
2025-12-04 19:15:32,651 INFO: Found anchors: {'gold': (14, 228), 'stone': (15, 272), 'wood': (14, 183), 'food': (14, 138), 'silver': (13, 316)}
2025-12-04 19:17:35,988 INFO: Quit key pressed - exiting live monitor
2025-12-04 19:17:35,988 INFO: OpenCV live loop ended
2025-12-04 19:19:50,654 INFO: live_monitor_resources (OpenCV) start poll_sec=1.0 max_points=300
2025-12-04 19:19:51,112 INFO: Finding anchors...
2025-12-04 19:19:51,182 INFO: Found anchors: {'stone': (15, 272), 'gold': (14, 228), 'wood': (14, 183), 'food': (14, 138), 'silver': (13, 316)}
2025-12-04 19:21:55,126 INFO: live_monitor_resources (OpenCV) start poll_sec=1.0 max_points=300
2025-12-04 19:21:55,572 INFO: Finding anchors...
2025-12-04 19:21:55,648 INFO: Found anchors: {'gold': (14, 228), 'stone': (15, 272), 'food': (14, 138), 'wood': (14, 183), 'silver': (13, 316)}
2025-12-04 19:28:49,006 INFO: live_monitor_resources (OpenCV) start poll_sec=1.0 max_points=300
2025-12-04 19:28:49,541 INFO: Finding anchors...
2025-12-04 19:28:49,613 INFO: Found anchors: {'gold': (14, 228), 'stone': (15, 272), 'wood': (14, 183), 'food': (14, 138), 'silver': (13, 316)}
2025-12-04 19:34:27,098 INFO: Finding anchors...
2025-12-04 19:34:27,188 INFO: Found anchors: {'gold': (14, 228), 'stone': (15, 272), 'food': (14, 138), 'wood': (14, 183), 'silver': (13, 316)}
2025-12-04 19:34:46,766 INFO: Finding anchors...
2025-12-04 19:34:46,866 INFO: Found anchors: {'gold': (14, 228), 'stone': (15, 272), 'food': (14, 138), 'wood': (14, 183), 'silver': (13, 316)}
2025-12-04 19:35:19,167 INFO: Finding anchors...
2025-12-04 19:35:19,248 INFO: Found anchors: {'gold': (14, 228), 'stone': (15, 272), 'food': (14, 138), 'wood': (14, 183), 'silver': (13, 316)}
2025-12-04 19:35:37,416 INFO: Finding anchors...
2025-12-04 19:35:37,489 INFO: Found anchors: {'gold': (14, 228), 'stone': (15, 272), 'food': (14, 138), 'wood': (14, 183), 'silver': (13, 316)}
2025-12-04 19:36:00,119 INFO: live_monitor_resources (OpenCV) start poll_sec=1.0 max_points=300
2025-12-04 19:36:00,660 INFO: Finding anchors...
2025-12-04 19:36:00,735 INFO: Found anchors: {'gold': (14, 228), 'stone': (15, 272), 'food': (14, 138), 'wood': (14, 183), 'silver': (13, 316)}
2025-12-04 19:39:46,541 INFO: live_monitor_resources (OpenCV) start poll_sec=1.0 max_points=300
2025-12-04 19:39:47,327 INFO: Finding anchors...
2025-12-04 19:39:47,419 INFO: Found anchors: {'gold': (14, 228), 'stone': (15, 272), 'food': (14, 138), 'wood': (14, 183), 'silver': (13, 316)}
2025-12-04 19:41:24,999 INFO: Quit key pressed - exiting live monitor
2025-12-04 19:41:25,000 INFO: OpenCV live loop ended
2025-12-04 19:41:29,562 INFO: live_monitor_resources (OpenCV) start poll_sec=1.0 max_points=300
2025-12-04 19:41:29,879 INFO: Finding anchors...
2025-12-04 19:41:29,921 INFO: Found anchors: {'gold': (14, 228), 'stone': (15, 272), 'food': (14, 138), 'wood': (14, 183), 'silver': (13, 316)}
2025-12-04 19:42:45,226 INFO: live_monitor_resources (OpenCV) start poll_sec=1.0 max_points=300
2025-12-04 19:42:45,696 INFO: Finding anchors...
2025-12-04 19:42:45,747 INFO: Found anchors: {'gold': (14, 228), 'stone': (15, 272), 'food': (14, 138), 'wood': (14, 183), 'silver': (13, 316)}
2025-12-04 19:44:28,910 INFO: live_monitor_resources (OpenCV) start poll_sec=1.0 max_points=300
2025-12-04 19:44:29,539 INFO: Finding anchors...
2025-12-04 19:44:29,600 INFO: Found anchors: {'gold': (14, 228), 'stone': (15, 272), 'food': (14, 138), 'wood': (14, 183), 'silver': (13, 316)}
2025-12-04 19:44:57,558 INFO: live_monitor_resources (OpenCV) start poll_sec=1.0 max_points=300
2025-12-04 19:44:57,989 INFO: Finding anchors...
2025-12-04 19:44:58,045 INFO: Found anchors: {'gold': (14, 228), 'stone': (15, 272), 'food': (14, 138), 'wood': (14, 183), 'silver': (13, 316)}
2025-12-04 19:47:32,098 INFO: live_monitor_resources (OpenCV) start poll_sec=1.0 max_points=300
2025-12-04 19:47:32,720 INFO: Finding anchors...
2025-12-04 19:47:32,832 INFO: Found anchors: {'gold': (14, 228), 'stone': (15, 272), 'food': (14, 138), 'wood': (14, 183), 'silver': (13, 316)}
2025-12-04 19:48:10,224 INFO: Quit key pressed - exiting live monitor
2025-12-04 19:48:10,225 INFO: OpenCV live loop ended
2025-12-04 19:48:12,307 INFO: Quit key pressed - exiting live monitor
2025-12-04 19:48:12,310 INFO: OpenCV live loop ended
2025-12-04 19:48:14,428 INFO: Quit key pressed - exiting live monitor
2025-12-04 19:48:14,428 INFO: OpenCV live loop ended
2025-12-04 19:48:15,152 INFO: Quit key pressed - exiting live monitor
2025-12-04 19:48:15,156 INFO: OpenCV live loop ended
2025-12-04 19:48:15,643 INFO: Quit key pressed - exiting live monitor
2025-12-04 19:48:15,645 INFO: OpenCV live loop ended
2025-12-04 19:49:02,115 INFO: live_monitor_resources (OpenCV) start poll_sec=1.0 max_points=300
2025-12-04 19:49:02,543 INFO: Finding anchors...
2025-12-04 19:49:02,729 INFO: Found anchors: {'gold': (14, 228), 'stone': (15, 272), 'food': (14, 138), 'wood': (14, 183), 'silver': (13, 316)}
2025-12-04 19:51:40,120 INFO: live_monitor_resources (OpenCV) start poll_sec=1.0 max_points=300
2025-12-04 19:51:40,481 INFO: Finding anchors...
2025-12-04 19:51:40,561 INFO: Found anchors: {'gold': (14, 228), 'stone': (15, 272), 'wood': (14, 183), 'food': (14, 138), 'silver': (13, 316)}
2025-12-04 19:57:06,227 INFO: live_monitor_resources (OpenCV) start poll_sec=1.0 max_points=300
2025-12-04 19:57:06,894 INFO: Finding anchors...
2025-12-04 19:57:06,978 INFO: Found anchors: {'gold': (14, 228), 'stone': (15, 272), 'food': (14, 138), 'wood': (14, 183), 'silver': (13, 316)}
2025-12-04 20:00:44,418 INFO: live_monitor_resources (OpenCV) start poll_sec=1.0 max_points=300
2025-12-04 20:00:44,863 INFO: Finding anchors...
2025-12-04 20:00:44,945 INFO: Found anchors: {'gold': (14, 228), 'stone': (15, 272), 'food': (14, 138), 'wood': (14, 183), 'silver': (13, 316)}
2025-12-04 20:08:52,631 INFO: live_monitor_resources (OpenCV) start poll_sec=1.0 max_points=300
2025-12-04 20:08:53,260 INFO: Finding anchors...
2025-12-04 20:08:53,369 INFO: Found anchors: {'gold': (14, 228), 'stone': (15, 272), 'wood': (14, 183), 'food': (14, 138), 'silver': (13, 316)}
2025-12-04 22:03:37,272 INFO: Quit key pressed - exiting live monitor
2025-12-04 22:03:37,282 INFO: OpenCV live loop ended
2025-12-04 22:03:45,175 INFO: Quit key pressed - exiting live monitor
2025-12-04 22:03:45,182 INFO: OpenCV live loop ended
2025-12-04 22:03:47,767 INFO: Quit key pressed - exiting live monitor
2025-12-04 22:03:47,770 INFO: OpenCV live loop ended
2025-12-04 22:03:48,549 INFO: Quit key pressed - exiting live monitor
2025-12-04 22:03:48,553 INFO: OpenCV live loop ended
2025-12-04 22:05:11,734 INFO: Quit key pressed - exiting live monitor
2025-12-04 22:05:11,746 INFO: OpenCV live loop ended
2025-12-04 22:05:39,504 INFO: live_monitor_resources (OpenCV) start poll_sec=1.0 max_points=300
2025-12-04 22:05:40,096 INFO: Finding anchors...
2025-12-04 22:05:40,206 INFO: Found anchors: {'food': (90, 57), 'wood': (339, 57), 'silver': (108, 66)}
2025-12-04 22:08:47,389 INFO: Quit key pressed - exiting live monitor
2025-12-04 22:08:47,390 INFO: OpenCV live loop ended
2025-12-04 22:08:56,544 INFO: live_monitor_resources (OpenCV) start poll_sec=1.0 max_points=300
2025-12-04 22:08:56,864 INFO: Finding anchors...
2025-12-04 22:08:56,935 INFO: Found anchors: {'gold': (14, 267), 'stone': (15, 305), 'wood': (14, 228), 'food': (14, 189), 'silver': (21, 78)}
2025-12-04 22:18:56,280 INFO: Quit key pressed - exiting live monitor
2025-12-04 22:18:56,280 INFO: OpenCV live loop ended
2025-12-04 22:20:24,713 INFO: live_monitor_resources (OpenCV) start poll_sec=1.0 max_points=300
2025-12-04 22:20:25,031 INFO: Finding anchors...
2025-12-04 22:20:25,106 INFO: Found anchors: {'food': (131, 4), 'silver': (341, 101)}
2025-12-04 22:32:01,545 INFO: live_monitor_resources (OpenCV) start poll_sec=1.0 max_points=300
2025-12-04 22:32:02,212 INFO: Finding anchors...
2025-12-04 22:32:02,310 INFO: Found anchors: {'gold': (14, 267), 'wood': (14, 228), 'stone': (15, 305), 'food': (14, 189), 'silver': (71, 47)}
2025-12-04 22:56:40,943 INFO: Quit key pressed - exiting live monitor
2025-12-04 22:56:40,945 INFO: OpenCV live loop ended
2025-12-04 22:56:41,762 INFO: Quit key pressed - exiting live monitor
2025-12-04 22:56:41,769 INFO: OpenCV live loop ended
2025-12-04 22:57:25,798 INFO: live_monitor_resources (OpenCV) start poll_sec=1.0 max_points=300
2025-12-04 22:57:26,942 INFO: Finding anchors...
2025-12-04 22:57:27,200 INFO: Found anchors: {}
2025-12-04 22:59:34,507 INFO: Quit key pressed - exiting live monitor
2025-12-04 22:59:34,508 INFO: OpenCV live loop ended
2025-12-04 22:59:40,711 INFO: live_monitor_resources (OpenCV) start poll_sec=1.0 max_points=300
2025-12-04 22:59:41,032 INFO: Finding anchors...
2025-12-04 22:59:41,105 INFO: Found anchors: {'gold': (14, 267), 'stone': (15, 305), 'food': (14, 189), 'wood': (14, 228), 'silver': (13, 28)}
2025-12-04 23:33:46,748 INFO: Quit key pressed - exiting live monitor
2025-12-04 23:33:46,751 INFO: OpenCV live loop ended
